2025-08-27 19:06:55.201 - INFO: [logger.js:246:9] service loader called.
2025-08-27 19:06:55.218 - INFO: [logger.js:246:9] controller loader called.
2025-08-27 19:06:55.219 - DEBUG: [logger.js:246:9] external_loader called.
2025-08-27 19:06:55.219 - DEBUG: [logger.js:246:9] No external configuration.
2025-08-27 19:06:55.466 - INFO: [logger.js:246:9] Http Server started.
2025-08-27 19:06:55.467 - INFO: [logger.js:246:9] Base URL -> http://localhost:8001
2025-08-27 19:06:55.467 - INFO: [logger.js:246:9] Namespace -> ::_8001_9844
2025-08-27 19:06:55.471 - DEBUG: [logger.js:246:9] database SQL file loaded.
2025-08-27 19:06:59.275 - DEBUG: [logger.js:246:9] skin::list 호출됨.
2025-08-27 19:06:59.289 - DEBUG: [logger.js:246:9] GET /skin/list requested
2025-08-27 19:06:59.293 - DEBUG: [logger.js:246:9] PARAMS -> {}
2025-08-27 19:06:59.356 - DEBUG: [logger.js:246:9] SQL -> select count(*) as total from skincare.skin_care_info
2025-08-27 19:06:59.362 - DEBUG: [logger.js:246:9] SQL -> 
            select id, skin_type, features, care_tips, morning_routine, evening_routine, seasonal_routine, recommended_products, key_ingredients,
                purchase_link, created_at, updated_at
            from skincare.skin_care_info
        
2025-08-27 20:06:29.096 - DEBUG: [logger.js:246:9] skin::list 호출됨.
2025-08-27 20:06:29.097 - DEBUG: [logger.js:246:9] GET /skin/list requested
2025-08-27 20:06:29.098 - DEBUG: [logger.js:246:9] PARAMS -> {}
2025-08-27 20:06:29.102 - DEBUG: [logger.js:246:9] SQL -> select count(*) as total from skincare.skin_care_info
2025-08-27 20:06:29.104 - DEBUG: [logger.js:246:9] SQL -> 
            select id, skin_type, features, care_tips, morning_routine, evening_routine, seasonal_routine, recommended_products, key_ingredients,
                purchase_link, created_at, updated_at
            from skincare.skin_care_info
        
2025-08-27 20:08:33.806 - DEBUG: [logger.js:246:9] skin::list 호출됨.
2025-08-27 20:08:33.807 - DEBUG: [logger.js:246:9] GET /skin/list requested
2025-08-27 20:08:33.807 - DEBUG: [logger.js:246:9] PARAMS -> {}
2025-08-27 20:08:33.812 - DEBUG: [logger.js:246:9] SQL -> select count(*) as total from skincare.skin_care_info
2025-08-27 20:08:33.846 - DEBUG: [logger.js:246:9] SQL -> 
            select id, skin_type, features, care_tips, morning_routine, evening_routine, seasonal_routine, recommended_products, key_ingredients,
                purchase_link, created_at, updated_at
            from skincare.skin_care_info
        
2025-08-27 20:08:42.925 - DEBUG: [logger.js:246:9] skin::list 호출됨.
2025-08-27 20:08:42.925 - DEBUG: [logger.js:246:9] GET /skin/list requested
2025-08-27 20:08:42.926 - DEBUG: [logger.js:246:9] PARAMS -> {}
2025-08-27 20:08:42.927 - DEBUG: [logger.js:246:9] SQL -> select count(*) as total from skincare.skin_care_info
2025-08-27 20:08:42.929 - DEBUG: [logger.js:246:9] SQL -> 
            select id, skin_type, features, care_tips, morning_routine, evening_routine, seasonal_routine, recommended_products, key_ingredients,
                purchase_link, created_at, updated_at
            from skincare.skin_care_info
        
2025-08-27 20:09:18.153 - DEBUG: [logger.js:246:9] skin::list 호출됨.
2025-08-27 20:09:18.159 - DEBUG: [logger.js:246:9] GET /skin/list requested
2025-08-27 20:09:18.167 - DEBUG: [logger.js:246:9] PARAMS -> {}
2025-08-27 20:09:18.275 - DEBUG: [logger.js:246:9] SQL -> select count(*) as total from skincare.skin_care_info
2025-08-27 20:09:18.349 - DEBUG: [logger.js:246:9] SQL -> 
            select id, skin_type, features, care_tips, morning_routine, evening_routine, seasonal_routine, recommended_products, key_ingredients,
                purchase_link, created_at, updated_at
            from skincare.skin_care_info
        
2025-08-27 20:09:31.535 - DEBUG: [logger.js:246:9] skin::list 호출됨.
2025-08-27 20:09:31.538 - DEBUG: [logger.js:246:9] GET /skin/list requested
2025-08-27 20:09:31.548 - DEBUG: [logger.js:246:9] PARAMS -> {}
2025-08-27 20:09:31.550 - DEBUG: [logger.js:246:9] SQL -> select count(*) as total from skincare.skin_care_info
2025-08-27 20:09:31.552 - DEBUG: [logger.js:246:9] SQL -> 
            select id, skin_type, features, care_tips, morning_routine, evening_routine, seasonal_routine, recommended_products, key_ingredients,
                purchase_link, created_at, updated_at
            from skincare.skin_care_info
        
2025-08-27 20:09:37.919 - DEBUG: [logger.js:246:9] skin::list 호출됨.
2025-08-27 20:09:37.940 - DEBUG: [logger.js:246:9] GET /skin/list requested
2025-08-27 20:09:37.947 - DEBUG: [logger.js:246:9] PARAMS -> {}
2025-08-27 20:09:37.965 - DEBUG: [logger.js:246:9] SQL -> select count(*) as total from skincare.skin_care_info
2025-08-27 20:09:37.970 - DEBUG: [logger.js:246:9] SQL -> 
            select id, skin_type, features, care_tips, morning_routine, evening_routine, seasonal_routine, recommended_products, key_ingredients,
                purchase_link, created_at, updated_at
            from skincare.skin_care_info
        
2025-08-27 20:10:00.398 - DEBUG: [logger.js:246:9] skin::list 호출됨.
2025-08-27 20:10:00.402 - DEBUG: [logger.js:246:9] GET /skin/list requested
2025-08-27 20:10:00.404 - DEBUG: [logger.js:246:9] PARAMS -> {}
2025-08-27 20:10:00.406 - DEBUG: [logger.js:246:9] SQL -> select count(*) as total from skincare.skin_care_info
2025-08-27 20:10:00.482 - DEBUG: [logger.js:246:9] SQL -> 
            select id, skin_type, features, care_tips, morning_routine, evening_routine, seasonal_routine, recommended_products, key_ingredients,
                purchase_link, created_at, updated_at
            from skincare.skin_care_info
        
2025-08-27 20:10:08.261 - DEBUG: [logger.js:246:9] skin::list 호출됨.
2025-08-27 20:10:08.275 - DEBUG: [logger.js:246:9] GET /skin/list requested
2025-08-27 20:10:08.282 - DEBUG: [logger.js:246:9] PARAMS -> {}
2025-08-27 20:10:08.285 - DEBUG: [logger.js:246:9] SQL -> select count(*) as total from skincare.skin_care_info
2025-08-27 20:10:08.287 - DEBUG: [logger.js:246:9] SQL -> 
            select id, skin_type, features, care_tips, morning_routine, evening_routine, seasonal_routine, recommended_products, key_ingredients,
                purchase_link, created_at, updated_at
            from skincare.skin_care_info
        
2025-08-27 20:11:05.457 - DEBUG: [logger.js:246:9] skin::list 호출됨.
2025-08-27 20:11:05.461 - DEBUG: [logger.js:246:9] GET /skin/list requested
2025-08-27 20:11:05.472 - DEBUG: [logger.js:246:9] PARAMS -> {}
2025-08-27 20:11:05.489 - DEBUG: [logger.js:246:9] SQL -> select count(*) as total from skincare.skin_care_info
2025-08-27 20:11:05.609 - DEBUG: [logger.js:246:9] SQL -> 
            select id, skin_type, features, care_tips, morning_routine, evening_routine, seasonal_routine, recommended_products, key_ingredients,
                purchase_link, created_at, updated_at
            from skincare.skin_care_info
        
2025-08-27 20:11:51.392 - DEBUG: [logger.js:246:9] skin::list 호출됨.
2025-08-27 20:11:51.394 - DEBUG: [logger.js:246:9] GET /skin/list requested
2025-08-27 20:11:51.395 - DEBUG: [logger.js:246:9] PARAMS -> {}
2025-08-27 20:11:51.400 - DEBUG: [logger.js:246:9] SQL -> select count(*) as total from skincare.skin_care_info
2025-08-27 20:11:51.423 - DEBUG: [logger.js:246:9] SQL -> 
            select id, skin_type, features, care_tips, morning_routine, evening_routine, seasonal_routine, recommended_products, key_ingredients,
                purchase_link, created_at, updated_at
            from skincare.skin_care_info
        
2025-08-27 20:12:41.900 - DEBUG: [logger.js:246:9] skin::list 호출됨.
2025-08-27 20:12:41.902 - DEBUG: [logger.js:246:9] GET /skin/list requested
2025-08-27 20:12:41.903 - DEBUG: [logger.js:246:9] PARAMS -> {}
2025-08-27 20:12:41.907 - DEBUG: [logger.js:246:9] SQL -> select count(*) as total from skincare.skin_care_info
2025-08-27 20:12:41.924 - DEBUG: [logger.js:246:9] SQL -> 
            select id, skin_type, features, care_tips, morning_routine, evening_routine, seasonal_routine, recommended_products, key_ingredients,
                purchase_link, created_at, updated_at
            from skincare.skin_care_info
        
2025-08-27 20:14:09.223 - DEBUG: [logger.js:246:9] skin::list 호출됨.
2025-08-27 20:14:09.281 - DEBUG: [logger.js:246:9] GET /skin/list requested
2025-08-27 20:14:09.282 - DEBUG: [logger.js:246:9] PARAMS -> {}
2025-08-27 20:14:09.316 - DEBUG: [logger.js:246:9] SQL -> select count(*) as total from skincare.skin_care_info
2025-08-27 20:14:09.321 - DEBUG: [logger.js:246:9] SQL -> 
            select id, skin_type, features, care_tips, morning_routine, evening_routine, seasonal_routine, recommended_products, key_ingredients,
                purchase_link, created_at, updated_at
            from skincare.skin_care_info
        
2025-08-27 20:15:03.854 - DEBUG: [logger.js:246:9] skin::list 호출됨.
2025-08-27 20:15:03.855 - DEBUG: [logger.js:246:9] GET /skin/list requested
2025-08-27 20:15:03.855 - DEBUG: [logger.js:246:9] PARAMS -> {}
2025-08-27 20:15:03.856 - DEBUG: [logger.js:246:9] SQL -> select count(*) as total from skincare.skin_care_info
2025-08-27 20:15:03.867 - DEBUG: [logger.js:246:9] SQL -> 
            select id, skin_type, features, care_tips, morning_routine, evening_routine, seasonal_routine, recommended_products, key_ingredients,
                purchase_link, created_at, updated_at
            from skincare.skin_care_info
        
2025-08-27 20:16:19.823 - DEBUG: [logger.js:246:9] skin::list 호출됨.
2025-08-27 20:16:19.826 - DEBUG: [logger.js:246:9] GET /skin/list requested
2025-08-27 20:16:19.828 - DEBUG: [logger.js:246:9] PARAMS -> {}
2025-08-27 20:16:19.861 - DEBUG: [logger.js:246:9] SQL -> select count(*) as total from skincare.skin_care_info
2025-08-27 20:16:19.868 - DEBUG: [logger.js:246:9] SQL -> 
            select id, skin_type, features, care_tips, morning_routine, evening_routine, seasonal_routine, recommended_products, key_ingredients,
                purchase_link, created_at, updated_at
            from skincare.skin_care_info
        
2025-08-27 20:17:56.405 - DEBUG: [logger.js:246:9] skin::list 호출됨.
2025-08-27 20:17:56.405 - DEBUG: [logger.js:246:9] GET /skin/list requested
2025-08-27 20:17:56.405 - DEBUG: [logger.js:246:9] PARAMS -> {}
2025-08-27 20:17:56.406 - DEBUG: [logger.js:246:9] SQL -> select count(*) as total from skincare.skin_care_info
2025-08-27 20:17:56.407 - DEBUG: [logger.js:246:9] SQL -> 
            select id, skin_type, features, care_tips, morning_routine, evening_routine, seasonal_routine, recommended_products, key_ingredients,
                purchase_link, created_at, updated_at
            from skincare.skin_care_info
        
2025-08-27 20:18:50.365 - DEBUG: [logger.js:246:9] skin::list 호출됨.
2025-08-27 20:18:50.381 - DEBUG: [logger.js:246:9] GET /skin/list requested
2025-08-27 20:18:50.388 - DEBUG: [logger.js:246:9] PARAMS -> {}
2025-08-27 20:18:50.392 - DEBUG: [logger.js:246:9] SQL -> select count(*) as total from skincare.skin_care_info
2025-08-27 20:18:50.394 - DEBUG: [logger.js:246:9] SQL -> 
            select id, skin_type, features, care_tips, morning_routine, evening_routine, seasonal_routine, recommended_products, key_ingredients,
                purchase_link, created_at, updated_at
            from skincare.skin_care_info
        
2025-08-27 20:19:59.798 - DEBUG: [logger.js:246:9] skin::list 호출됨.
2025-08-27 20:19:59.799 - DEBUG: [logger.js:246:9] GET /skin/list requested
2025-08-27 20:19:59.799 - DEBUG: [logger.js:246:9] PARAMS -> {}
2025-08-27 20:19:59.801 - DEBUG: [logger.js:246:9] SQL -> select count(*) as total from skincare.skin_care_info
2025-08-27 20:19:59.803 - DEBUG: [logger.js:246:9] SQL -> 
            select id, skin_type, features, care_tips, morning_routine, evening_routine, seasonal_routine, recommended_products, key_ingredients,
                purchase_link, created_at, updated_at
            from skincare.skin_care_info
        
2025-08-27 20:20:12.906 - DEBUG: [logger.js:246:9] skin::list 호출됨.
2025-08-27 20:20:12.906 - DEBUG: [logger.js:246:9] GET /skin/list requested
2025-08-27 20:20:12.907 - DEBUG: [logger.js:246:9] PARAMS -> {}
2025-08-27 20:20:12.908 - DEBUG: [logger.js:246:9] SQL -> select count(*) as total from skincare.skin_care_info
2025-08-27 20:20:12.909 - DEBUG: [logger.js:246:9] SQL -> 
            select id, skin_type, features, care_tips, morning_routine, evening_routine, seasonal_routine, recommended_products, key_ingredients,
                purchase_link, created_at, updated_at
            from skincare.skin_care_info
        
2025-08-27 20:22:22.673 - DEBUG: [logger.js:246:9] skin::list 호출됨.
2025-08-27 20:22:22.673 - DEBUG: [logger.js:246:9] GET /skin/list requested
2025-08-27 20:22:22.673 - DEBUG: [logger.js:246:9] PARAMS -> {}
2025-08-27 20:22:22.675 - DEBUG: [logger.js:246:9] SQL -> select count(*) as total from skincare.skin_care_info
2025-08-27 20:22:22.676 - DEBUG: [logger.js:246:9] SQL -> 
            select id, skin_type, features, care_tips, morning_routine, evening_routine, seasonal_routine, recommended_products, key_ingredients,
                purchase_link, created_at, updated_at
            from skincare.skin_care_info
        
2025-08-27 20:22:30.839 - DEBUG: [logger.js:246:9] skin::list 호출됨.
2025-08-27 20:22:30.839 - DEBUG: [logger.js:246:9] GET /skin/list requested
2025-08-27 20:22:30.840 - DEBUG: [logger.js:246:9] PARAMS -> {}
2025-08-27 20:22:30.842 - DEBUG: [logger.js:246:9] SQL -> select count(*) as total from skincare.skin_care_info
2025-08-27 20:22:30.843 - DEBUG: [logger.js:246:9] SQL -> 
            select id, skin_type, features, care_tips, morning_routine, evening_routine, seasonal_routine, recommended_products, key_ingredients,
                purchase_link, created_at, updated_at
            from skincare.skin_care_info
        
2025-08-27 20:23:08.480 - DEBUG: [logger.js:246:9] skin::list 호출됨.
2025-08-27 20:23:08.480 - DEBUG: [logger.js:246:9] GET /skin/list requested
2025-08-27 20:23:08.481 - DEBUG: [logger.js:246:9] PARAMS -> {}
2025-08-27 20:23:08.484 - DEBUG: [logger.js:246:9] SQL -> select count(*) as total from skincare.skin_care_info
2025-08-27 20:23:08.487 - DEBUG: [logger.js:246:9] SQL -> 
            select id, skin_type, features, care_tips, morning_routine, evening_routine, seasonal_routine, recommended_products, key_ingredients,
                purchase_link, created_at, updated_at
            from skincare.skin_care_info
        
2025-08-27 20:23:12.488 - DEBUG: [logger.js:246:9] skin::list 호출됨.
2025-08-27 20:23:12.488 - DEBUG: [logger.js:246:9] GET /skin/list requested
2025-08-27 20:23:12.489 - DEBUG: [logger.js:246:9] PARAMS -> {}
2025-08-27 20:23:12.490 - DEBUG: [logger.js:246:9] SQL -> select count(*) as total from skincare.skin_care_info
2025-08-27 20:23:12.492 - DEBUG: [logger.js:246:9] SQL -> 
            select id, skin_type, features, care_tips, morning_routine, evening_routine, seasonal_routine, recommended_products, key_ingredients,
                purchase_link, created_at, updated_at
            from skincare.skin_care_info
        
2025-08-27 20:23:15.732 - DEBUG: [logger.js:246:9] skin::list 호출됨.
2025-08-27 20:23:15.732 - DEBUG: [logger.js:246:9] GET /skin/list requested
2025-08-27 20:23:15.732 - DEBUG: [logger.js:246:9] PARAMS -> {}
2025-08-27 20:23:15.734 - DEBUG: [logger.js:246:9] SQL -> select count(*) as total from skincare.skin_care_info
2025-08-27 20:23:15.735 - DEBUG: [logger.js:246:9] SQL -> 
            select id, skin_type, features, care_tips, morning_routine, evening_routine, seasonal_routine, recommended_products, key_ingredients,
                purchase_link, created_at, updated_at
            from skincare.skin_care_info
        
2025-08-27 20:25:14.079 - DEBUG: [logger.js:246:9] skin::list 호출됨.
2025-08-27 20:25:14.080 - DEBUG: [logger.js:246:9] GET /skin/list requested
2025-08-27 20:25:14.080 - DEBUG: [logger.js:246:9] PARAMS -> {}
2025-08-27 20:25:14.081 - DEBUG: [logger.js:246:9] SQL -> select count(*) as total from skincare.skin_care_info
2025-08-27 20:25:14.083 - DEBUG: [logger.js:246:9] SQL -> 
            select id, skin_type, features, care_tips, morning_routine, evening_routine, seasonal_routine, recommended_products, key_ingredients,
                purchase_link, created_at, updated_at
            from skincare.skin_care_info
        
2025-08-27 20:25:24.421 - DEBUG: [logger.js:246:9] skin::list 호출됨.
2025-08-27 20:25:24.422 - DEBUG: [logger.js:246:9] GET /skin/list requested
2025-08-27 20:25:24.423 - DEBUG: [logger.js:246:9] PARAMS -> {}
2025-08-27 20:25:24.436 - DEBUG: [logger.js:246:9] SQL -> select count(*) as total from skincare.skin_care_info
2025-08-27 20:25:24.443 - DEBUG: [logger.js:246:9] SQL -> 
            select id, skin_type, features, care_tips, morning_routine, evening_routine, seasonal_routine, recommended_products, key_ingredients,
                purchase_link, created_at, updated_at
            from skincare.skin_care_info
        
2025-08-27 20:31:03.078 - DEBUG: [logger.js:246:9] skin::list 호출됨.
2025-08-27 20:31:03.081 - DEBUG: [logger.js:246:9] GET /skin/list requested
2025-08-27 20:31:03.082 - DEBUG: [logger.js:246:9] PARAMS -> {}
2025-08-27 20:31:03.104 - DEBUG: [logger.js:246:9] SQL -> select count(*) as total from skincare.skin_care_info
2025-08-27 20:31:03.106 - DEBUG: [logger.js:246:9] SQL -> 
            select id, skin_type, features, care_tips, morning_routine, evening_routine, seasonal_routine, recommended_products, key_ingredients,
                purchase_link, created_at, updated_at
            from skincare.skin_care_info
        
2025-08-27 20:31:38.089 - DEBUG: [logger.js:246:9] skin::list 호출됨.
2025-08-27 20:31:38.090 - DEBUG: [logger.js:246:9] GET /skin/list requested
2025-08-27 20:31:38.090 - DEBUG: [logger.js:246:9] PARAMS -> {}
2025-08-27 20:31:38.092 - DEBUG: [logger.js:246:9] SQL -> select count(*) as total from skincare.skin_care_info
2025-08-27 20:31:38.093 - DEBUG: [logger.js:246:9] SQL -> 
            select id, skin_type, features, care_tips, morning_routine, evening_routine, seasonal_routine, recommended_products, key_ingredients,
                purchase_link, created_at, updated_at
            from skincare.skin_care_info
        
2025-08-27 20:31:39.636 - DEBUG: [logger.js:246:9] skin::list 호출됨.
2025-08-27 20:31:39.636 - DEBUG: [logger.js:246:9] GET /skin/list requested
2025-08-27 20:31:39.637 - DEBUG: [logger.js:246:9] PARAMS -> {}
2025-08-27 20:31:39.638 - DEBUG: [logger.js:246:9] SQL -> select count(*) as total from skincare.skin_care_info
2025-08-27 20:31:39.640 - DEBUG: [logger.js:246:9] SQL -> 
            select id, skin_type, features, care_tips, morning_routine, evening_routine, seasonal_routine, recommended_products, key_ingredients,
                purchase_link, created_at, updated_at
            from skincare.skin_care_info
        
2025-08-27 20:31:42.708 - DEBUG: [logger.js:246:9] skin::list 호출됨.
2025-08-27 20:31:42.709 - DEBUG: [logger.js:246:9] GET /skin/list requested
2025-08-27 20:31:42.709 - DEBUG: [logger.js:246:9] PARAMS -> {}
2025-08-27 20:31:42.710 - DEBUG: [logger.js:246:9] SQL -> select count(*) as total from skincare.skin_care_info
2025-08-27 20:31:42.712 - DEBUG: [logger.js:246:9] SQL -> 
            select id, skin_type, features, care_tips, morning_routine, evening_routine, seasonal_routine, recommended_products, key_ingredients,
                purchase_link, created_at, updated_at
            from skincare.skin_care_info
        
2025-08-27 20:31:43.588 - DEBUG: [logger.js:246:9] skin::list 호출됨.
2025-08-27 20:31:43.589 - DEBUG: [logger.js:246:9] GET /skin/list requested
2025-08-27 20:31:43.589 - DEBUG: [logger.js:246:9] PARAMS -> {}
2025-08-27 20:31:43.605 - DEBUG: [logger.js:246:9] SQL -> select count(*) as total from skincare.skin_care_info
2025-08-27 20:31:43.620 - DEBUG: [logger.js:246:9] SQL -> 
            select id, skin_type, features, care_tips, morning_routine, evening_routine, seasonal_routine, recommended_products, key_ingredients,
                purchase_link, created_at, updated_at
            from skincare.skin_care_info
        
2025-08-27 20:31:50.154 - DEBUG: [logger.js:246:9] skin::list 호출됨.
2025-08-27 20:31:50.154 - DEBUG: [logger.js:246:9] GET /skin/list requested
2025-08-27 20:31:50.155 - DEBUG: [logger.js:246:9] PARAMS -> {}
2025-08-27 20:31:50.156 - DEBUG: [logger.js:246:9] SQL -> select count(*) as total from skincare.skin_care_info
2025-08-27 20:31:50.157 - DEBUG: [logger.js:246:9] SQL -> 
            select id, skin_type, features, care_tips, morning_routine, evening_routine, seasonal_routine, recommended_products, key_ingredients,
                purchase_link, created_at, updated_at
            from skincare.skin_care_info
        
2025-08-27 20:31:52.011 - DEBUG: [logger.js:246:9] skin::list 호출됨.
2025-08-27 20:31:52.011 - DEBUG: [logger.js:246:9] GET /skin/list requested
2025-08-27 20:31:52.012 - DEBUG: [logger.js:246:9] PARAMS -> {}
2025-08-27 20:31:52.013 - DEBUG: [logger.js:246:9] SQL -> select count(*) as total from skincare.skin_care_info
2025-08-27 20:31:52.014 - DEBUG: [logger.js:246:9] SQL -> 
            select id, skin_type, features, care_tips, morning_routine, evening_routine, seasonal_routine, recommended_products, key_ingredients,
                purchase_link, created_at, updated_at
            from skincare.skin_care_info
        
2025-08-27 20:32:44.997 - DEBUG: [logger.js:246:9] skin::list 호출됨.
2025-08-27 20:32:44.997 - DEBUG: [logger.js:246:9] GET /skin/list requested
2025-08-27 20:32:44.997 - DEBUG: [logger.js:246:9] PARAMS -> {}
2025-08-27 20:32:44.998 - DEBUG: [logger.js:246:9] SQL -> select count(*) as total from skincare.skin_care_info
2025-08-27 20:32:45.006 - DEBUG: [logger.js:246:9] SQL -> 
            select id, skin_type, features, care_tips, morning_routine, evening_routine, seasonal_routine, recommended_products, key_ingredients,
                purchase_link, created_at, updated_at
            from skincare.skin_care_info
        
2025-08-27 20:32:48.229 - DEBUG: [logger.js:246:9] skin::list 호출됨.
2025-08-27 20:32:48.230 - DEBUG: [logger.js:246:9] GET /skin/list requested
2025-08-27 20:32:48.231 - DEBUG: [logger.js:246:9] PARAMS -> {}
2025-08-27 20:32:48.233 - DEBUG: [logger.js:246:9] SQL -> select count(*) as total from skincare.skin_care_info
2025-08-27 20:32:48.235 - DEBUG: [logger.js:246:9] SQL -> 
            select id, skin_type, features, care_tips, morning_routine, evening_routine, seasonal_routine, recommended_products, key_ingredients,
                purchase_link, created_at, updated_at
            from skincare.skin_care_info
        
2025-08-27 20:33:15.130 - DEBUG: [logger.js:246:9] skin::list 호출됨.
2025-08-27 20:33:15.132 - DEBUG: [logger.js:246:9] GET /skin/list requested
2025-08-27 20:33:15.133 - DEBUG: [logger.js:246:9] PARAMS -> {}
2025-08-27 20:33:15.135 - DEBUG: [logger.js:246:9] SQL -> select count(*) as total from skincare.skin_care_info
2025-08-27 20:33:15.145 - DEBUG: [logger.js:246:9] SQL -> 
            select id, skin_type, features, care_tips, morning_routine, evening_routine, seasonal_routine, recommended_products, key_ingredients,
                purchase_link, created_at, updated_at
            from skincare.skin_care_info
        
2025-08-27 20:33:20.397 - DEBUG: [logger.js:246:9] skin::list 호출됨.
2025-08-27 20:33:20.398 - DEBUG: [logger.js:246:9] GET /skin/list requested
2025-08-27 20:33:20.398 - DEBUG: [logger.js:246:9] PARAMS -> {}
2025-08-27 20:33:20.399 - DEBUG: [logger.js:246:9] SQL -> select count(*) as total from skincare.skin_care_info
2025-08-27 20:33:20.400 - DEBUG: [logger.js:246:9] SQL -> 
            select id, skin_type, features, care_tips, morning_routine, evening_routine, seasonal_routine, recommended_products, key_ingredients,
                purchase_link, created_at, updated_at
            from skincare.skin_care_info
        
2025-08-27 20:33:23.120 - DEBUG: [logger.js:246:9] skin::list 호출됨.
2025-08-27 20:33:23.121 - DEBUG: [logger.js:246:9] GET /skin/list requested
2025-08-27 20:33:23.122 - DEBUG: [logger.js:246:9] PARAMS -> {}
2025-08-27 20:33:23.123 - DEBUG: [logger.js:246:9] SQL -> select count(*) as total from skincare.skin_care_info
2025-08-27 20:33:23.126 - DEBUG: [logger.js:246:9] SQL -> 
            select id, skin_type, features, care_tips, morning_routine, evening_routine, seasonal_routine, recommended_products, key_ingredients,
                purchase_link, created_at, updated_at
            from skincare.skin_care_info
        
2025-08-27 20:33:46.098 - DEBUG: [logger.js:246:9] skin::list 호출됨.
2025-08-27 20:33:46.098 - DEBUG: [logger.js:246:9] GET /skin/list requested
2025-08-27 20:33:46.099 - DEBUG: [logger.js:246:9] PARAMS -> {}
2025-08-27 20:33:46.101 - DEBUG: [logger.js:246:9] SQL -> select count(*) as total from skincare.skin_care_info
2025-08-27 20:33:46.102 - DEBUG: [logger.js:246:9] SQL -> 
            select id, skin_type, features, care_tips, morning_routine, evening_routine, seasonal_routine, recommended_products, key_ingredients,
                purchase_link, created_at, updated_at
            from skincare.skin_care_info
        
2025-08-27 20:33:54.708 - DEBUG: [logger.js:246:9] skin::list 호출됨.
2025-08-27 20:33:54.709 - DEBUG: [logger.js:246:9] GET /skin/list requested
2025-08-27 20:33:54.709 - DEBUG: [logger.js:246:9] PARAMS -> {}
2025-08-27 20:33:54.710 - DEBUG: [logger.js:246:9] SQL -> select count(*) as total from skincare.skin_care_info
2025-08-27 20:33:54.712 - DEBUG: [logger.js:246:9] SQL -> 
            select id, skin_type, features, care_tips, morning_routine, evening_routine, seasonal_routine, recommended_products, key_ingredients,
                purchase_link, created_at, updated_at
            from skincare.skin_care_info
        
2025-08-27 20:33:57.101 - DEBUG: [logger.js:246:9] skin::list 호출됨.
2025-08-27 20:33:57.101 - DEBUG: [logger.js:246:9] GET /skin/list requested
2025-08-27 20:33:57.102 - DEBUG: [logger.js:246:9] PARAMS -> {}
2025-08-27 20:33:57.103 - DEBUG: [logger.js:246:9] SQL -> select count(*) as total from skincare.skin_care_info
2025-08-27 20:33:57.104 - DEBUG: [logger.js:246:9] SQL -> 
            select id, skin_type, features, care_tips, morning_routine, evening_routine, seasonal_routine, recommended_products, key_ingredients,
                purchase_link, created_at, updated_at
            from skincare.skin_care_info
        
2025-08-27 20:34:25.362 - DEBUG: [logger.js:246:9] skin::list 호출됨.
2025-08-27 20:34:25.363 - DEBUG: [logger.js:246:9] GET /skin/list requested
2025-08-27 20:34:25.363 - DEBUG: [logger.js:246:9] PARAMS -> {}
2025-08-27 20:34:25.365 - DEBUG: [logger.js:246:9] SQL -> select count(*) as total from skincare.skin_care_info
2025-08-27 20:34:25.366 - DEBUG: [logger.js:246:9] SQL -> 
            select id, skin_type, features, care_tips, morning_routine, evening_routine, seasonal_routine, recommended_products, key_ingredients,
                purchase_link, created_at, updated_at
            from skincare.skin_care_info
        
2025-08-27 20:35:11.142 - DEBUG: [logger.js:246:9] skin::list 호출됨.
2025-08-27 20:35:11.142 - DEBUG: [logger.js:246:9] GET /skin/list requested
2025-08-27 20:35:11.143 - DEBUG: [logger.js:246:9] PARAMS -> {}
2025-08-27 20:35:11.144 - DEBUG: [logger.js:246:9] SQL -> select count(*) as total from skincare.skin_care_info
2025-08-27 20:35:11.145 - DEBUG: [logger.js:246:9] SQL -> 
            select id, skin_type, features, care_tips, morning_routine, evening_routine, seasonal_routine, recommended_products, key_ingredients,
                purchase_link, created_at, updated_at
            from skincare.skin_care_info
        
2025-08-27 20:35:12.286 - DEBUG: [logger.js:246:9] skin::list 호출됨.
2025-08-27 20:35:12.289 - DEBUG: [logger.js:246:9] GET /skin/list requested
2025-08-27 20:35:12.293 - DEBUG: [logger.js:246:9] PARAMS -> {}
2025-08-27 20:35:12.295 - DEBUG: [logger.js:246:9] SQL -> select count(*) as total from skincare.skin_care_info
2025-08-27 20:35:12.298 - DEBUG: [logger.js:246:9] SQL -> 
            select id, skin_type, features, care_tips, morning_routine, evening_routine, seasonal_routine, recommended_products, key_ingredients,
                purchase_link, created_at, updated_at
            from skincare.skin_care_info
        
2025-08-27 20:35:19.225 - DEBUG: [logger.js:246:9] skin::list 호출됨.
2025-08-27 20:35:19.226 - DEBUG: [logger.js:246:9] GET /skin/list requested
2025-08-27 20:35:19.226 - DEBUG: [logger.js:246:9] PARAMS -> {}
2025-08-27 20:35:19.228 - DEBUG: [logger.js:246:9] SQL -> select count(*) as total from skincare.skin_care_info
2025-08-27 20:35:19.229 - DEBUG: [logger.js:246:9] SQL -> 
            select id, skin_type, features, care_tips, morning_routine, evening_routine, seasonal_routine, recommended_products, key_ingredients,
                purchase_link, created_at, updated_at
            from skincare.skin_care_info
        
2025-08-27 20:35:20.249 - DEBUG: [logger.js:246:9] skin::list 호출됨.
2025-08-27 20:35:20.250 - DEBUG: [logger.js:246:9] GET /skin/list requested
2025-08-27 20:35:20.251 - DEBUG: [logger.js:246:9] PARAMS -> {}
2025-08-27 20:35:20.252 - DEBUG: [logger.js:246:9] SQL -> select count(*) as total from skincare.skin_care_info
2025-08-27 20:35:20.253 - DEBUG: [logger.js:246:9] SQL -> 
            select id, skin_type, features, care_tips, morning_routine, evening_routine, seasonal_routine, recommended_products, key_ingredients,
                purchase_link, created_at, updated_at
            from skincare.skin_care_info
        
2025-08-27 20:35:21.441 - DEBUG: [logger.js:246:9] skin::list 호출됨.
2025-08-27 20:35:21.442 - DEBUG: [logger.js:246:9] GET /skin/list requested
2025-08-27 20:35:21.442 - DEBUG: [logger.js:246:9] PARAMS -> {}
2025-08-27 20:35:21.443 - DEBUG: [logger.js:246:9] SQL -> select count(*) as total from skincare.skin_care_info
2025-08-27 20:35:21.444 - DEBUG: [logger.js:246:9] SQL -> 
            select id, skin_type, features, care_tips, morning_routine, evening_routine, seasonal_routine, recommended_products, key_ingredients,
                purchase_link, created_at, updated_at
            from skincare.skin_care_info
        
2025-08-27 20:35:22.243 - DEBUG: [logger.js:246:9] skin::list 호출됨.
2025-08-27 20:35:22.243 - DEBUG: [logger.js:246:9] GET /skin/list requested
2025-08-27 20:35:22.244 - DEBUG: [logger.js:246:9] PARAMS -> {}
2025-08-27 20:35:22.245 - DEBUG: [logger.js:246:9] SQL -> select count(*) as total from skincare.skin_care_info
2025-08-27 20:35:22.247 - DEBUG: [logger.js:246:9] SQL -> 
            select id, skin_type, features, care_tips, morning_routine, evening_routine, seasonal_routine, recommended_products, key_ingredients,
                purchase_link, created_at, updated_at
            from skincare.skin_care_info
        
2025-08-27 20:35:24.017 - DEBUG: [logger.js:246:9] skin::list 호출됨.
2025-08-27 20:35:24.017 - DEBUG: [logger.js:246:9] GET /skin/list requested
2025-08-27 20:35:24.018 - DEBUG: [logger.js:246:9] PARAMS -> {}
2025-08-27 20:35:24.019 - DEBUG: [logger.js:246:9] SQL -> select count(*) as total from skincare.skin_care_info
2025-08-27 20:35:24.020 - DEBUG: [logger.js:246:9] SQL -> 
            select id, skin_type, features, care_tips, morning_routine, evening_routine, seasonal_routine, recommended_products, key_ingredients,
                purchase_link, created_at, updated_at
            from skincare.skin_care_info
        
2025-08-27 20:35:26.118 - DEBUG: [logger.js:246:9] skin::list 호출됨.
2025-08-27 20:35:26.118 - DEBUG: [logger.js:246:9] GET /skin/list requested
2025-08-27 20:35:26.119 - DEBUG: [logger.js:246:9] PARAMS -> {}
2025-08-27 20:35:26.119 - DEBUG: [logger.js:246:9] SQL -> select count(*) as total from skincare.skin_care_info
2025-08-27 20:35:26.121 - DEBUG: [logger.js:246:9] SQL -> 
            select id, skin_type, features, care_tips, morning_routine, evening_routine, seasonal_routine, recommended_products, key_ingredients,
                purchase_link, created_at, updated_at
            from skincare.skin_care_info
        
2025-08-27 20:35:26.761 - DEBUG: [logger.js:246:9] skin::list 호출됨.
2025-08-27 20:35:26.761 - DEBUG: [logger.js:246:9] GET /skin/list requested
2025-08-27 20:35:26.762 - DEBUG: [logger.js:246:9] PARAMS -> {}
2025-08-27 20:35:26.763 - DEBUG: [logger.js:246:9] SQL -> select count(*) as total from skincare.skin_care_info
2025-08-27 20:35:26.764 - DEBUG: [logger.js:246:9] SQL -> 
            select id, skin_type, features, care_tips, morning_routine, evening_routine, seasonal_routine, recommended_products, key_ingredients,
                purchase_link, created_at, updated_at
            from skincare.skin_care_info
        
2025-08-27 20:36:26.141 - DEBUG: [logger.js:246:9] skin::list 호출됨.
2025-08-27 20:36:26.141 - DEBUG: [logger.js:246:9] GET /skin/list requested
2025-08-27 20:36:26.142 - DEBUG: [logger.js:246:9] PARAMS -> {}
2025-08-27 20:36:26.143 - DEBUG: [logger.js:246:9] SQL -> select count(*) as total from skincare.skin_care_info
2025-08-27 20:36:26.144 - DEBUG: [logger.js:246:9] SQL -> 
            select id, skin_type, features, care_tips, morning_routine, evening_routine, seasonal_routine, recommended_products, key_ingredients,
                purchase_link, created_at, updated_at
            from skincare.skin_care_info
        
2025-08-27 20:36:29.387 - DEBUG: [logger.js:246:9] skin::list 호출됨.
2025-08-27 20:36:29.388 - DEBUG: [logger.js:246:9] GET /skin/list requested
2025-08-27 20:36:29.388 - DEBUG: [logger.js:246:9] PARAMS -> {}
2025-08-27 20:36:29.389 - DEBUG: [logger.js:246:9] SQL -> select count(*) as total from skincare.skin_care_info
2025-08-27 20:36:29.393 - DEBUG: [logger.js:246:9] SQL -> 
            select id, skin_type, features, care_tips, morning_routine, evening_routine, seasonal_routine, recommended_products, key_ingredients,
                purchase_link, created_at, updated_at
            from skincare.skin_care_info
        
2025-08-27 20:36:30.845 - DEBUG: [logger.js:246:9] skin::list 호출됨.
2025-08-27 20:36:30.845 - DEBUG: [logger.js:246:9] GET /skin/list requested
2025-08-27 20:36:30.845 - DEBUG: [logger.js:246:9] PARAMS -> {}
2025-08-27 20:36:30.847 - DEBUG: [logger.js:246:9] SQL -> select count(*) as total from skincare.skin_care_info
2025-08-27 20:36:30.848 - DEBUG: [logger.js:246:9] SQL -> 
            select id, skin_type, features, care_tips, morning_routine, evening_routine, seasonal_routine, recommended_products, key_ingredients,
                purchase_link, created_at, updated_at
            from skincare.skin_care_info
        
2025-08-27 20:36:59.886 - DEBUG: [logger.js:246:9] skin::list 호출됨.
2025-08-27 20:36:59.888 - DEBUG: [logger.js:246:9] GET /skin/list requested
2025-08-27 20:36:59.889 - DEBUG: [logger.js:246:9] PARAMS -> {}
2025-08-27 20:36:59.893 - DEBUG: [logger.js:246:9] SQL -> select count(*) as total from skincare.skin_care_info
2025-08-27 20:36:59.899 - DEBUG: [logger.js:246:9] SQL -> 
            select id, skin_type, features, care_tips, morning_routine, evening_routine, seasonal_routine, recommended_products, key_ingredients,
                purchase_link, created_at, updated_at
            from skincare.skin_care_info
        
2025-08-27 20:37:04.621 - DEBUG: [logger.js:246:9] skin::list 호출됨.
2025-08-27 20:37:04.622 - DEBUG: [logger.js:246:9] GET /skin/list requested
2025-08-27 20:37:04.622 - DEBUG: [logger.js:246:9] PARAMS -> {}
2025-08-27 20:37:04.624 - DEBUG: [logger.js:246:9] SQL -> select count(*) as total from skincare.skin_care_info
2025-08-27 20:37:04.627 - DEBUG: [logger.js:246:9] SQL -> 
            select id, skin_type, features, care_tips, morning_routine, evening_routine, seasonal_routine, recommended_products, key_ingredients,
                purchase_link, created_at, updated_at
            from skincare.skin_care_info
        
2025-08-27 20:41:52.088 - DEBUG: [logger.js:246:9] skin::list 호출됨.
2025-08-27 20:41:52.089 - DEBUG: [logger.js:246:9] GET /skin/list requested
2025-08-27 20:41:52.090 - DEBUG: [logger.js:246:9] PARAMS -> {}
2025-08-27 20:41:52.093 - DEBUG: [logger.js:246:9] SQL -> select count(*) as total from skincare.skin_care_info
2025-08-27 20:41:52.095 - DEBUG: [logger.js:246:9] SQL -> 
            select id, skin_type, features, care_tips, morning_routine, evening_routine, seasonal_routine, recommended_products, key_ingredients,
                purchase_link, created_at, updated_at
            from skincare.skin_care_info
        
2025-08-27 20:50:52.774 - DEBUG: [logger.js:246:9] skin::list 호출됨.
2025-08-27 20:50:52.774 - DEBUG: [logger.js:246:9] GET /skin/list requested
2025-08-27 20:50:52.775 - DEBUG: [logger.js:246:9] PARAMS -> {}
2025-08-27 20:50:52.776 - DEBUG: [logger.js:246:9] SQL -> select count(*) as total from skincare.skin_care_info
2025-08-27 20:50:52.777 - DEBUG: [logger.js:246:9] SQL -> 
            select id, skin_type, features, care_tips, morning_routine, evening_routine, seasonal_routine, recommended_products, key_ingredients,
                purchase_link, created_at, updated_at
            from skincare.skin_care_info
        
2025-08-27 20:55:37.672 - DEBUG: [logger.js:246:9] skin::list 호출됨.
2025-08-27 20:55:37.673 - DEBUG: [logger.js:246:9] GET /skin/list requested
2025-08-27 20:55:37.673 - DEBUG: [logger.js:246:9] PARAMS -> {}
2025-08-27 20:55:37.674 - DEBUG: [logger.js:246:9] SQL -> select count(*) as total from skincare.skin_care_info
2025-08-27 20:55:37.675 - DEBUG: [logger.js:246:9] SQL -> 
            select id, skin_type, features, care_tips, morning_routine, evening_routine, seasonal_routine, recommended_products, key_ingredients,
                purchase_link, created_at, updated_at
            from skincare.skin_care_info
        
2025-08-27 20:55:47.928 - DEBUG: [logger.js:246:9] skin::list 호출됨.
2025-08-27 20:55:47.928 - DEBUG: [logger.js:246:9] GET /skin/list requested
2025-08-27 20:55:47.928 - DEBUG: [logger.js:246:9] PARAMS -> {}
2025-08-27 20:55:47.929 - DEBUG: [logger.js:246:9] SQL -> select count(*) as total from skincare.skin_care_info
2025-08-27 20:55:47.931 - DEBUG: [logger.js:246:9] SQL -> 
            select id, skin_type, features, care_tips, morning_routine, evening_routine, seasonal_routine, recommended_products, key_ingredients,
                purchase_link, created_at, updated_at
            from skincare.skin_care_info
        
2025-08-27 20:55:49.080 - DEBUG: [logger.js:246:9] skin::list 호출됨.
2025-08-27 20:55:49.082 - DEBUG: [logger.js:246:9] GET /skin/list requested
2025-08-27 20:55:49.083 - DEBUG: [logger.js:246:9] PARAMS -> {}
2025-08-27 20:55:49.085 - DEBUG: [logger.js:246:9] SQL -> select count(*) as total from skincare.skin_care_info
2025-08-27 20:55:49.089 - DEBUG: [logger.js:246:9] SQL -> 
            select id, skin_type, features, care_tips, morning_routine, evening_routine, seasonal_routine, recommended_products, key_ingredients,
                purchase_link, created_at, updated_at
            from skincare.skin_care_info
        
2025-08-27 20:55:51.569 - DEBUG: [logger.js:246:9] skin::list 호출됨.
2025-08-27 20:55:51.569 - DEBUG: [logger.js:246:9] GET /skin/list requested
2025-08-27 20:55:51.570 - DEBUG: [logger.js:246:9] PARAMS -> {}
2025-08-27 20:55:51.571 - DEBUG: [logger.js:246:9] SQL -> select count(*) as total from skincare.skin_care_info
2025-08-27 20:55:51.573 - DEBUG: [logger.js:246:9] SQL -> 
            select id, skin_type, features, care_tips, morning_routine, evening_routine, seasonal_routine, recommended_products, key_ingredients,
                purchase_link, created_at, updated_at
            from skincare.skin_care_info
        
2025-08-27 20:55:53.612 - DEBUG: [logger.js:246:9] skin::list 호출됨.
2025-08-27 20:55:53.612 - DEBUG: [logger.js:246:9] GET /skin/list requested
2025-08-27 20:55:53.613 - DEBUG: [logger.js:246:9] PARAMS -> {}
2025-08-27 20:55:53.614 - DEBUG: [logger.js:246:9] SQL -> select count(*) as total from skincare.skin_care_info
2025-08-27 20:55:53.615 - DEBUG: [logger.js:246:9] SQL -> 
            select id, skin_type, features, care_tips, morning_routine, evening_routine, seasonal_routine, recommended_products, key_ingredients,
                purchase_link, created_at, updated_at
            from skincare.skin_care_info
        
2025-08-27 21:02:42.064 - DEBUG: [logger.js:246:9] skin::list 호출됨.
2025-08-27 21:02:42.064 - DEBUG: [logger.js:246:9] GET /skin/list requested
2025-08-27 21:02:42.064 - DEBUG: [logger.js:246:9] PARAMS -> {}
2025-08-27 21:02:42.065 - DEBUG: [logger.js:246:9] SQL -> select count(*) as total from skincare.skin_care_info
2025-08-27 21:02:42.066 - DEBUG: [logger.js:246:9] SQL -> 
            select id, skin_type, features, care_tips, morning_routine, evening_routine, seasonal_routine, recommended_products, key_ingredients,
                purchase_link, created_at, updated_at
            from skincare.skin_care_info
        
2025-08-27 21:05:26.774 - DEBUG: [logger.js:246:9] skin::list 호출됨.
2025-08-27 21:05:26.775 - DEBUG: [logger.js:246:9] GET /skin/list requested
2025-08-27 21:05:26.777 - DEBUG: [logger.js:246:9] PARAMS -> {}
2025-08-27 21:05:26.778 - DEBUG: [logger.js:246:9] SQL -> select count(*) as total from skincare.skin_care_info
2025-08-27 21:05:26.779 - DEBUG: [logger.js:246:9] SQL -> 
            select id, skin_type, features, care_tips, morning_routine, evening_routine, seasonal_routine, recommended_products, key_ingredients,
                purchase_link, created_at, updated_at
            from skincare.skin_care_info
        
2025-08-27 21:06:32.245 - DEBUG: [logger.js:246:9] skin::list 호출됨.
2025-08-27 21:06:32.246 - DEBUG: [logger.js:246:9] GET /skin/list requested
2025-08-27 21:06:32.246 - DEBUG: [logger.js:246:9] PARAMS -> {}
2025-08-27 21:06:32.248 - DEBUG: [logger.js:246:9] SQL -> select count(*) as total from skincare.skin_care_info
2025-08-27 21:06:32.249 - DEBUG: [logger.js:246:9] SQL -> 
            select id, skin_type, features, care_tips, morning_routine, evening_routine, seasonal_routine, recommended_products, key_ingredients,
                purchase_link, created_at, updated_at
            from skincare.skin_care_info
        
2025-08-27 21:06:34.723 - DEBUG: [logger.js:246:9] skin::list 호출됨.
2025-08-27 21:06:34.724 - DEBUG: [logger.js:246:9] GET /skin/list requested
2025-08-27 21:06:34.725 - DEBUG: [logger.js:246:9] PARAMS -> {}
2025-08-27 21:06:34.727 - DEBUG: [logger.js:246:9] SQL -> select count(*) as total from skincare.skin_care_info
2025-08-27 21:06:34.733 - DEBUG: [logger.js:246:9] SQL -> 
            select id, skin_type, features, care_tips, morning_routine, evening_routine, seasonal_routine, recommended_products, key_ingredients,
                purchase_link, created_at, updated_at
            from skincare.skin_care_info
        
2025-08-27 21:09:12.477 - DEBUG: [logger.js:246:9] skin::list 호출됨.
2025-08-27 21:09:12.477 - DEBUG: [logger.js:246:9] GET /skin/list requested
2025-08-27 21:09:12.478 - DEBUG: [logger.js:246:9] PARAMS -> {}
2025-08-27 21:09:12.479 - DEBUG: [logger.js:246:9] SQL -> select count(*) as total from skincare.skin_care_info
2025-08-27 21:09:12.481 - DEBUG: [logger.js:246:9] SQL -> 
            select id, skin_type, features, care_tips, morning_routine, evening_routine, seasonal_routine, recommended_products, key_ingredients,
                purchase_link, created_at, updated_at
            from skincare.skin_care_info
        
2025-08-27 21:09:21.430 - DEBUG: [logger.js:246:9] skin::list 호출됨.
2025-08-27 21:09:21.430 - DEBUG: [logger.js:246:9] GET /skin/list requested
2025-08-27 21:09:21.431 - DEBUG: [logger.js:246:9] PARAMS -> {}
2025-08-27 21:09:21.432 - DEBUG: [logger.js:246:9] SQL -> select count(*) as total from skincare.skin_care_info
2025-08-27 21:09:21.436 - DEBUG: [logger.js:246:9] SQL -> 
            select id, skin_type, features, care_tips, morning_routine, evening_routine, seasonal_routine, recommended_products, key_ingredients,
                purchase_link, created_at, updated_at
            from skincare.skin_care_info
        
2025-08-27 21:09:26.458 - DEBUG: [logger.js:246:9] skin::list 호출됨.
2025-08-27 21:09:26.459 - DEBUG: [logger.js:246:9] GET /skin/list requested
2025-08-27 21:09:26.459 - DEBUG: [logger.js:246:9] PARAMS -> {}
2025-08-27 21:09:26.460 - DEBUG: [logger.js:246:9] SQL -> select count(*) as total from skincare.skin_care_info
2025-08-27 21:09:26.462 - DEBUG: [logger.js:246:9] SQL -> 
            select id, skin_type, features, care_tips, morning_routine, evening_routine, seasonal_routine, recommended_products, key_ingredients,
                purchase_link, created_at, updated_at
            from skincare.skin_care_info
        
2025-08-27 21:09:28.020 - DEBUG: [logger.js:246:9] skin::list 호출됨.
2025-08-27 21:09:28.020 - DEBUG: [logger.js:246:9] GET /skin/list requested
2025-08-27 21:09:28.021 - DEBUG: [logger.js:246:9] PARAMS -> {}
2025-08-27 21:09:28.023 - DEBUG: [logger.js:246:9] SQL -> select count(*) as total from skincare.skin_care_info
2025-08-27 21:09:28.024 - DEBUG: [logger.js:246:9] SQL -> 
            select id, skin_type, features, care_tips, morning_routine, evening_routine, seasonal_routine, recommended_products, key_ingredients,
                purchase_link, created_at, updated_at
            from skincare.skin_care_info
        
2025-08-27 21:09:32.771 - DEBUG: [logger.js:246:9] skin::list 호출됨.
2025-08-27 21:09:32.772 - DEBUG: [logger.js:246:9] GET /skin/list requested
2025-08-27 21:09:32.772 - DEBUG: [logger.js:246:9] PARAMS -> {}
2025-08-27 21:09:32.773 - DEBUG: [logger.js:246:9] SQL -> select count(*) as total from skincare.skin_care_info
2025-08-27 21:09:32.774 - DEBUG: [logger.js:246:9] SQL -> 
            select id, skin_type, features, care_tips, morning_routine, evening_routine, seasonal_routine, recommended_products, key_ingredients,
                purchase_link, created_at, updated_at
            from skincare.skin_care_info
        
2025-08-27 21:09:34.403 - DEBUG: [logger.js:246:9] skin::list 호출됨.
2025-08-27 21:09:34.404 - DEBUG: [logger.js:246:9] GET /skin/list requested
2025-08-27 21:09:34.404 - DEBUG: [logger.js:246:9] PARAMS -> {}
2025-08-27 21:09:34.405 - DEBUG: [logger.js:246:9] SQL -> select count(*) as total from skincare.skin_care_info
2025-08-27 21:09:34.407 - DEBUG: [logger.js:246:9] SQL -> 
            select id, skin_type, features, care_tips, morning_routine, evening_routine, seasonal_routine, recommended_products, key_ingredients,
                purchase_link, created_at, updated_at
            from skincare.skin_care_info
        
2025-08-27 21:10:24.205 - DEBUG: [logger.js:246:9] skin::list 호출됨.
2025-08-27 21:10:24.206 - DEBUG: [logger.js:246:9] GET /skin/list requested
2025-08-27 21:10:24.206 - DEBUG: [logger.js:246:9] PARAMS -> {}
2025-08-27 21:10:24.207 - DEBUG: [logger.js:246:9] SQL -> select count(*) as total from skincare.skin_care_info
2025-08-27 21:10:24.208 - DEBUG: [logger.js:246:9] SQL -> 
            select id, skin_type, features, care_tips, morning_routine, evening_routine, seasonal_routine, recommended_products, key_ingredients,
                purchase_link, created_at, updated_at
            from skincare.skin_care_info
        
2025-08-27 21:10:26.966 - DEBUG: [logger.js:246:9] skin::list 호출됨.
2025-08-27 21:10:26.967 - DEBUG: [logger.js:246:9] GET /skin/list requested
2025-08-27 21:10:26.967 - DEBUG: [logger.js:246:9] PARAMS -> {}
2025-08-27 21:10:26.968 - DEBUG: [logger.js:246:9] SQL -> select count(*) as total from skincare.skin_care_info
2025-08-27 21:10:26.970 - DEBUG: [logger.js:246:9] SQL -> 
            select id, skin_type, features, care_tips, morning_routine, evening_routine, seasonal_routine, recommended_products, key_ingredients,
                purchase_link, created_at, updated_at
            from skincare.skin_care_info
        
2025-08-27 21:12:55.643 - DEBUG: [logger.js:246:9] skin::list 호출됨.
2025-08-27 21:12:55.644 - DEBUG: [logger.js:246:9] GET /skin/list requested
2025-08-27 21:12:55.644 - DEBUG: [logger.js:246:9] PARAMS -> {}
2025-08-27 21:12:55.647 - DEBUG: [logger.js:246:9] SQL -> select count(*) as total from skincare.skin_care_info
2025-08-27 21:12:55.649 - DEBUG: [logger.js:246:9] SQL -> 
            select id, skin_type, features, care_tips, morning_routine, evening_routine, seasonal_routine, recommended_products, key_ingredients,
                purchase_link, created_at, updated_at
            from skincare.skin_care_info
        
2025-08-27 21:12:58.975 - DEBUG: [logger.js:246:9] skin::list 호출됨.
2025-08-27 21:12:58.975 - DEBUG: [logger.js:246:9] GET /skin/list requested
2025-08-27 21:12:58.976 - DEBUG: [logger.js:246:9] PARAMS -> {}
2025-08-27 21:12:58.977 - DEBUG: [logger.js:246:9] SQL -> select count(*) as total from skincare.skin_care_info
2025-08-27 21:12:58.979 - DEBUG: [logger.js:246:9] SQL -> 
            select id, skin_type, features, care_tips, morning_routine, evening_routine, seasonal_routine, recommended_products, key_ingredients,
                purchase_link, created_at, updated_at
            from skincare.skin_care_info
        
2025-08-27 21:16:36.149 - DEBUG: [logger.js:246:9] skin::list 호출됨.
2025-08-27 21:16:36.149 - DEBUG: [logger.js:246:9] GET /skin/list requested
2025-08-27 21:16:36.149 - DEBUG: [logger.js:246:9] PARAMS -> {}
2025-08-27 21:16:36.150 - DEBUG: [logger.js:246:9] SQL -> select count(*) as total from skincare.skin_care_info
2025-08-27 21:16:36.151 - DEBUG: [logger.js:246:9] SQL -> 
            select id, skin_type, features, care_tips, morning_routine, evening_routine, seasonal_routine, recommended_products, key_ingredients,
                purchase_link, created_at, updated_at
            from skincare.skin_care_info
        
2025-08-27 21:16:44.534 - DEBUG: [logger.js:246:9] skin::list 호출됨.
2025-08-27 21:16:44.534 - DEBUG: [logger.js:246:9] GET /skin/list requested
2025-08-27 21:16:44.535 - DEBUG: [logger.js:246:9] PARAMS -> {}
2025-08-27 21:16:44.536 - DEBUG: [logger.js:246:9] SQL -> select count(*) as total from skincare.skin_care_info
2025-08-27 21:16:44.538 - DEBUG: [logger.js:246:9] SQL -> 
            select id, skin_type, features, care_tips, morning_routine, evening_routine, seasonal_routine, recommended_products, key_ingredients,
                purchase_link, created_at, updated_at
            from skincare.skin_care_info
        
2025-08-27 21:17:46.798 - DEBUG: [logger.js:246:9] skin::list 호출됨.
2025-08-27 21:17:46.798 - DEBUG: [logger.js:246:9] GET /skin/list requested
2025-08-27 21:17:46.799 - DEBUG: [logger.js:246:9] PARAMS -> {}
2025-08-27 21:17:46.800 - DEBUG: [logger.js:246:9] SQL -> select count(*) as total from skincare.skin_care_info
2025-08-27 21:17:46.800 - DEBUG: [logger.js:246:9] SQL -> 
            select id, skin_type, features, care_tips, morning_routine, evening_routine, seasonal_routine, recommended_products, key_ingredients,
                purchase_link, created_at, updated_at
            from skincare.skin_care_info
        
2025-08-27 21:17:49.819 - DEBUG: [logger.js:246:9] skin::list 호출됨.
2025-08-27 21:17:49.820 - DEBUG: [logger.js:246:9] GET /skin/list requested
2025-08-27 21:17:49.821 - DEBUG: [logger.js:246:9] PARAMS -> {}
2025-08-27 21:17:49.823 - DEBUG: [logger.js:246:9] SQL -> select count(*) as total from skincare.skin_care_info
2025-08-27 21:17:49.825 - DEBUG: [logger.js:246:9] SQL -> 
            select id, skin_type, features, care_tips, morning_routine, evening_routine, seasonal_routine, recommended_products, key_ingredients,
                purchase_link, created_at, updated_at
            from skincare.skin_care_info
        
2025-08-27 21:18:16.891 - DEBUG: [logger.js:246:9] skin::list 호출됨.
2025-08-27 21:18:16.892 - DEBUG: [logger.js:246:9] GET /skin/list requested
2025-08-27 21:18:16.892 - DEBUG: [logger.js:246:9] PARAMS -> {}
2025-08-27 21:18:16.894 - DEBUG: [logger.js:246:9] SQL -> select count(*) as total from skincare.skin_care_info
2025-08-27 21:18:16.895 - DEBUG: [logger.js:246:9] SQL -> 
            select id, skin_type, features, care_tips, morning_routine, evening_routine, seasonal_routine, recommended_products, key_ingredients,
                purchase_link, created_at, updated_at
            from skincare.skin_care_info
        
2025-08-27 21:18:20.431 - DEBUG: [logger.js:246:9] skin::list 호출됨.
2025-08-27 21:18:20.431 - DEBUG: [logger.js:246:9] GET /skin/list requested
2025-08-27 21:18:20.432 - DEBUG: [logger.js:246:9] PARAMS -> {}
2025-08-27 21:18:20.433 - DEBUG: [logger.js:246:9] SQL -> select count(*) as total from skincare.skin_care_info
2025-08-27 21:18:20.434 - DEBUG: [logger.js:246:9] SQL -> 
            select id, skin_type, features, care_tips, morning_routine, evening_routine, seasonal_routine, recommended_products, key_ingredients,
                purchase_link, created_at, updated_at
            from skincare.skin_care_info
        
2025-08-27 21:18:25.978 - DEBUG: [logger.js:246:9] skin::list 호출됨.
2025-08-27 21:18:25.979 - DEBUG: [logger.js:246:9] GET /skin/list requested
2025-08-27 21:18:25.980 - DEBUG: [logger.js:246:9] PARAMS -> {}
2025-08-27 21:18:25.982 - DEBUG: [logger.js:246:9] SQL -> select count(*) as total from skincare.skin_care_info
2025-08-27 21:18:25.983 - DEBUG: [logger.js:246:9] SQL -> 
            select id, skin_type, features, care_tips, morning_routine, evening_routine, seasonal_routine, recommended_products, key_ingredients,
                purchase_link, created_at, updated_at
            from skincare.skin_care_info
        
2025-08-27 21:18:28.014 - DEBUG: [logger.js:246:9] skin::list 호출됨.
2025-08-27 21:18:28.015 - DEBUG: [logger.js:246:9] GET /skin/list requested
2025-08-27 21:18:28.015 - DEBUG: [logger.js:246:9] PARAMS -> {}
2025-08-27 21:18:28.017 - DEBUG: [logger.js:246:9] SQL -> select count(*) as total from skincare.skin_care_info
2025-08-27 21:18:28.021 - DEBUG: [logger.js:246:9] SQL -> 
            select id, skin_type, features, care_tips, morning_routine, evening_routine, seasonal_routine, recommended_products, key_ingredients,
                purchase_link, created_at, updated_at
            from skincare.skin_care_info
        
2025-08-27 21:19:08.994 - DEBUG: [logger.js:246:9] skin::list 호출됨.
2025-08-27 21:19:08.995 - DEBUG: [logger.js:246:9] GET /skin/list requested
2025-08-27 21:19:08.995 - DEBUG: [logger.js:246:9] PARAMS -> {}
2025-08-27 21:19:08.996 - DEBUG: [logger.js:246:9] SQL -> select count(*) as total from skincare.skin_care_info
2025-08-27 21:19:08.997 - DEBUG: [logger.js:246:9] SQL -> 
            select id, skin_type, features, care_tips, morning_routine, evening_routine, seasonal_routine, recommended_products, key_ingredients,
                purchase_link, created_at, updated_at
            from skincare.skin_care_info
        
2025-08-27 21:19:09.912 - DEBUG: [logger.js:246:9] skin::list 호출됨.
2025-08-27 21:19:09.913 - DEBUG: [logger.js:246:9] GET /skin/list requested
2025-08-27 21:19:09.914 - DEBUG: [logger.js:246:9] PARAMS -> {}
2025-08-27 21:19:09.916 - DEBUG: [logger.js:246:9] SQL -> select count(*) as total from skincare.skin_care_info
2025-08-27 21:19:09.918 - DEBUG: [logger.js:246:9] SQL -> 
            select id, skin_type, features, care_tips, morning_routine, evening_routine, seasonal_routine, recommended_products, key_ingredients,
                purchase_link, created_at, updated_at
            from skincare.skin_care_info
        
2025-08-27 21:22:00.725 - DEBUG: [logger.js:246:9] skin::list 호출됨.
2025-08-27 21:22:00.726 - DEBUG: [logger.js:246:9] GET /skin/list requested
2025-08-27 21:22:00.726 - DEBUG: [logger.js:246:9] PARAMS -> {}
2025-08-27 21:22:00.728 - DEBUG: [logger.js:246:9] SQL -> select count(*) as total from skincare.skin_care_info
2025-08-27 21:22:00.729 - DEBUG: [logger.js:246:9] SQL -> 
            select id, skin_type, features, care_tips, morning_routine, evening_routine, seasonal_routine, recommended_products, key_ingredients,
                purchase_link, created_at, updated_at
            from skincare.skin_care_info
        
2025-08-27 21:22:03.348 - DEBUG: [logger.js:246:9] skin::list 호출됨.
2025-08-27 21:22:03.349 - DEBUG: [logger.js:246:9] GET /skin/list requested
2025-08-27 21:22:03.350 - DEBUG: [logger.js:246:9] PARAMS -> {}
2025-08-27 21:22:03.353 - DEBUG: [logger.js:246:9] SQL -> select count(*) as total from skincare.skin_care_info
2025-08-27 21:22:03.355 - DEBUG: [logger.js:246:9] SQL -> 
            select id, skin_type, features, care_tips, morning_routine, evening_routine, seasonal_routine, recommended_products, key_ingredients,
                purchase_link, created_at, updated_at
            from skincare.skin_care_info
        
2025-08-27 21:22:39.422 - DEBUG: [logger.js:246:9] skin::list 호출됨.
2025-08-27 21:22:39.423 - DEBUG: [logger.js:246:9] GET /skin/list requested
2025-08-27 21:22:39.424 - DEBUG: [logger.js:246:9] PARAMS -> {}
2025-08-27 21:22:39.425 - DEBUG: [logger.js:246:9] SQL -> select count(*) as total from skincare.skin_care_info
2025-08-27 21:22:39.427 - DEBUG: [logger.js:246:9] SQL -> 
            select id, skin_type, features, care_tips, morning_routine, evening_routine, seasonal_routine, recommended_products, key_ingredients,
                purchase_link, created_at, updated_at
            from skincare.skin_care_info
        
2025-08-27 21:22:41.097 - DEBUG: [logger.js:246:9] skin::list 호출됨.
2025-08-27 21:22:41.098 - DEBUG: [logger.js:246:9] GET /skin/list requested
2025-08-27 21:22:41.098 - DEBUG: [logger.js:246:9] PARAMS -> {}
2025-08-27 21:22:41.101 - DEBUG: [logger.js:246:9] SQL -> select count(*) as total from skincare.skin_care_info
2025-08-27 21:22:41.104 - DEBUG: [logger.js:246:9] SQL -> 
            select id, skin_type, features, care_tips, morning_routine, evening_routine, seasonal_routine, recommended_products, key_ingredients,
                purchase_link, created_at, updated_at
            from skincare.skin_care_info
        
2025-08-27 21:23:19.058 - DEBUG: [logger.js:246:9] skin::list 호출됨.
2025-08-27 21:23:19.059 - DEBUG: [logger.js:246:9] GET /skin/list requested
2025-08-27 21:23:19.059 - DEBUG: [logger.js:246:9] PARAMS -> {}
2025-08-27 21:23:19.060 - DEBUG: [logger.js:246:9] SQL -> select count(*) as total from skincare.skin_care_info
2025-08-27 21:23:19.061 - DEBUG: [logger.js:246:9] SQL -> 
            select id, skin_type, features, care_tips, morning_routine, evening_routine, seasonal_routine, recommended_products, key_ingredients,
                purchase_link, created_at, updated_at
            from skincare.skin_care_info
        
2025-08-27 21:23:20.354 - DEBUG: [logger.js:246:9] skin::list 호출됨.
2025-08-27 21:23:20.355 - DEBUG: [logger.js:246:9] GET /skin/list requested
2025-08-27 21:23:20.356 - DEBUG: [logger.js:246:9] PARAMS -> {}
2025-08-27 21:23:20.357 - DEBUG: [logger.js:246:9] SQL -> select count(*) as total from skincare.skin_care_info
2025-08-27 21:23:20.358 - DEBUG: [logger.js:246:9] SQL -> 
            select id, skin_type, features, care_tips, morning_routine, evening_routine, seasonal_routine, recommended_products, key_ingredients,
                purchase_link, created_at, updated_at
            from skincare.skin_care_info
        
2025-08-27 21:24:08.251 - DEBUG: [logger.js:246:9] skin::list 호출됨.
2025-08-27 21:24:08.252 - DEBUG: [logger.js:246:9] GET /skin/list requested
2025-08-27 21:24:08.253 - DEBUG: [logger.js:246:9] PARAMS -> {}
2025-08-27 21:24:08.254 - DEBUG: [logger.js:246:9] SQL -> select count(*) as total from skincare.skin_care_info
2025-08-27 21:24:08.256 - DEBUG: [logger.js:246:9] SQL -> 
            select id, skin_type, features, care_tips, morning_routine, evening_routine, seasonal_routine, recommended_products, key_ingredients,
                purchase_link, created_at, updated_at
            from skincare.skin_care_info
        
2025-08-27 21:24:09.620 - DEBUG: [logger.js:246:9] skin::list 호출됨.
2025-08-27 21:24:09.621 - DEBUG: [logger.js:246:9] GET /skin/list requested
2025-08-27 21:24:09.621 - DEBUG: [logger.js:246:9] PARAMS -> {}
2025-08-27 21:24:09.624 - DEBUG: [logger.js:246:9] SQL -> select count(*) as total from skincare.skin_care_info
2025-08-27 21:24:09.626 - DEBUG: [logger.js:246:9] SQL -> 
            select id, skin_type, features, care_tips, morning_routine, evening_routine, seasonal_routine, recommended_products, key_ingredients,
                purchase_link, created_at, updated_at
            from skincare.skin_care_info
        
2025-08-27 21:24:56.075 - DEBUG: [logger.js:246:9] skin::list 호출됨.
2025-08-27 21:24:56.076 - DEBUG: [logger.js:246:9] GET /skin/list requested
2025-08-27 21:24:56.081 - DEBUG: [logger.js:246:9] PARAMS -> {}
2025-08-27 21:24:56.090 - DEBUG: [logger.js:246:9] SQL -> select count(*) as total from skincare.skin_care_info
2025-08-27 21:24:56.092 - DEBUG: [logger.js:246:9] SQL -> 
            select id, skin_type, features, care_tips, morning_routine, evening_routine, seasonal_routine, recommended_products, key_ingredients,
                purchase_link, created_at, updated_at
            from skincare.skin_care_info
        
2025-08-27 21:24:58.837 - DEBUG: [logger.js:246:9] skin::list 호출됨.
2025-08-27 21:24:58.838 - DEBUG: [logger.js:246:9] GET /skin/list requested
2025-08-27 21:24:58.838 - DEBUG: [logger.js:246:9] PARAMS -> {}
2025-08-27 21:24:58.839 - DEBUG: [logger.js:246:9] SQL -> select count(*) as total from skincare.skin_care_info
2025-08-27 21:24:58.841 - DEBUG: [logger.js:246:9] SQL -> 
            select id, skin_type, features, care_tips, morning_routine, evening_routine, seasonal_routine, recommended_products, key_ingredients,
                purchase_link, created_at, updated_at
            from skincare.skin_care_info
        
2025-08-27 21:25:42.977 - DEBUG: [logger.js:246:9] skin::list 호출됨.
2025-08-27 21:25:42.979 - DEBUG: [logger.js:246:9] GET /skin/list requested
2025-08-27 21:25:42.981 - DEBUG: [logger.js:246:9] PARAMS -> {}
2025-08-27 21:25:42.985 - DEBUG: [logger.js:246:9] SQL -> select count(*) as total from skincare.skin_care_info
2025-08-27 21:25:42.986 - DEBUG: [logger.js:246:9] SQL -> 
            select id, skin_type, features, care_tips, morning_routine, evening_routine, seasonal_routine, recommended_products, key_ingredients,
                purchase_link, created_at, updated_at
            from skincare.skin_care_info
        
2025-08-27 21:26:01.611 - DEBUG: [logger.js:246:9] skin::list 호출됨.
2025-08-27 21:26:01.612 - DEBUG: [logger.js:246:9] GET /skin/list requested
2025-08-27 21:26:01.613 - DEBUG: [logger.js:246:9] PARAMS -> {}
2025-08-27 21:26:01.614 - DEBUG: [logger.js:246:9] SQL -> select count(*) as total from skincare.skin_care_info
2025-08-27 21:26:01.615 - DEBUG: [logger.js:246:9] SQL -> 
            select id, skin_type, features, care_tips, morning_routine, evening_routine, seasonal_routine, recommended_products, key_ingredients,
                purchase_link, created_at, updated_at
            from skincare.skin_care_info
        
2025-08-27 21:26:33.447 - DEBUG: [logger.js:246:9] skin::list 호출됨.
2025-08-27 21:26:33.448 - DEBUG: [logger.js:246:9] GET /skin/list requested
2025-08-27 21:26:33.449 - DEBUG: [logger.js:246:9] PARAMS -> {}
2025-08-27 21:26:33.451 - DEBUG: [logger.js:246:9] SQL -> select count(*) as total from skincare.skin_care_info
2025-08-27 21:26:33.454 - DEBUG: [logger.js:246:9] SQL -> 
            select id, skin_type, features, care_tips, morning_routine, evening_routine, seasonal_routine, recommended_products, key_ingredients,
                purchase_link, created_at, updated_at
            from skincare.skin_care_info
        
2025-08-27 21:26:35.259 - DEBUG: [logger.js:246:9] skin::list 호출됨.
2025-08-27 21:26:35.260 - DEBUG: [logger.js:246:9] GET /skin/list requested
2025-08-27 21:26:35.260 - DEBUG: [logger.js:246:9] PARAMS -> {}
2025-08-27 21:26:35.262 - DEBUG: [logger.js:246:9] SQL -> select count(*) as total from skincare.skin_care_info
2025-08-27 21:26:35.264 - DEBUG: [logger.js:246:9] SQL -> 
            select id, skin_type, features, care_tips, morning_routine, evening_routine, seasonal_routine, recommended_products, key_ingredients,
                purchase_link, created_at, updated_at
            from skincare.skin_care_info
        
2025-08-27 21:27:15.685 - DEBUG: [logger.js:246:9] skin::list 호출됨.
2025-08-27 21:27:15.686 - DEBUG: [logger.js:246:9] GET /skin/list requested
2025-08-27 21:27:15.686 - DEBUG: [logger.js:246:9] PARAMS -> {}
2025-08-27 21:27:15.687 - DEBUG: [logger.js:246:9] SQL -> select count(*) as total from skincare.skin_care_info
2025-08-27 21:27:15.688 - DEBUG: [logger.js:246:9] SQL -> 
            select id, skin_type, features, care_tips, morning_routine, evening_routine, seasonal_routine, recommended_products, key_ingredients,
                purchase_link, created_at, updated_at
            from skincare.skin_care_info
        
2025-08-27 21:27:17.721 - DEBUG: [logger.js:246:9] skin::list 호출됨.
2025-08-27 21:27:17.727 - DEBUG: [logger.js:246:9] GET /skin/list requested
2025-08-27 21:27:17.899 - DEBUG: [logger.js:246:9] PARAMS -> {}
2025-08-27 21:27:17.903 - DEBUG: [logger.js:246:9] SQL -> select count(*) as total from skincare.skin_care_info
2025-08-27 21:27:17.906 - DEBUG: [logger.js:246:9] SQL -> 
            select id, skin_type, features, care_tips, morning_routine, evening_routine, seasonal_routine, recommended_products, key_ingredients,
                purchase_link, created_at, updated_at
            from skincare.skin_care_info
        
2025-08-27 21:28:02.001 - DEBUG: [logger.js:246:9] skin::list 호출됨.
2025-08-27 21:28:02.001 - DEBUG: [logger.js:246:9] GET /skin/list requested
2025-08-27 21:28:02.002 - DEBUG: [logger.js:246:9] PARAMS -> {}
2025-08-27 21:28:02.003 - DEBUG: [logger.js:246:9] SQL -> select count(*) as total from skincare.skin_care_info
2025-08-27 21:28:02.004 - DEBUG: [logger.js:246:9] SQL -> 
            select id, skin_type, features, care_tips, morning_routine, evening_routine, seasonal_routine, recommended_products, key_ingredients,
                purchase_link, created_at, updated_at
            from skincare.skin_care_info
        
2025-08-27 21:28:04.636 - DEBUG: [logger.js:246:9] skin::list 호출됨.
2025-08-27 21:28:04.637 - DEBUG: [logger.js:246:9] GET /skin/list requested
2025-08-27 21:28:04.638 - DEBUG: [logger.js:246:9] PARAMS -> {}
2025-08-27 21:28:04.639 - DEBUG: [logger.js:246:9] SQL -> select count(*) as total from skincare.skin_care_info
2025-08-27 21:28:04.640 - DEBUG: [logger.js:246:9] SQL -> 
            select id, skin_type, features, care_tips, morning_routine, evening_routine, seasonal_routine, recommended_products, key_ingredients,
                purchase_link, created_at, updated_at
            from skincare.skin_care_info
        
2025-08-27 21:28:21.687 - DEBUG: [logger.js:246:9] skin::list 호출됨.
2025-08-27 21:28:21.688 - DEBUG: [logger.js:246:9] GET /skin/list requested
2025-08-27 21:28:21.688 - DEBUG: [logger.js:246:9] PARAMS -> {}
2025-08-27 21:28:21.690 - DEBUG: [logger.js:246:9] SQL -> select count(*) as total from skincare.skin_care_info
2025-08-27 21:28:21.692 - DEBUG: [logger.js:246:9] SQL -> 
            select id, skin_type, features, care_tips, morning_routine, evening_routine, seasonal_routine, recommended_products, key_ingredients,
                purchase_link, created_at, updated_at
            from skincare.skin_care_info
        
2025-08-27 21:28:23.085 - DEBUG: [logger.js:246:9] skin::list 호출됨.
2025-08-27 21:28:23.087 - DEBUG: [logger.js:246:9] GET /skin/list requested
2025-08-27 21:28:23.087 - DEBUG: [logger.js:246:9] PARAMS -> {}
2025-08-27 21:28:23.089 - DEBUG: [logger.js:246:9] SQL -> select count(*) as total from skincare.skin_care_info
2025-08-27 21:28:23.090 - DEBUG: [logger.js:246:9] SQL -> 
            select id, skin_type, features, care_tips, morning_routine, evening_routine, seasonal_routine, recommended_products, key_ingredients,
                purchase_link, created_at, updated_at
            from skincare.skin_care_info
        
2025-08-27 21:33:40.437 - DEBUG: [logger.js:246:9] skin::list 호출됨.
2025-08-27 21:33:40.438 - DEBUG: [logger.js:246:9] GET /skin/list requested
2025-08-27 21:33:40.439 - DEBUG: [logger.js:246:9] PARAMS -> {}
2025-08-27 21:33:40.441 - DEBUG: [logger.js:246:9] SQL -> select count(*) as total from skincare.skin_care_info
2025-08-27 21:33:40.443 - DEBUG: [logger.js:246:9] SQL -> 
            select id, skin_type, features, care_tips, morning_routine, evening_routine, seasonal_routine, recommended_products, key_ingredients,
                purchase_link, created_at, updated_at
            from skincare.skin_care_info
        
2025-08-27 21:33:54.363 - DEBUG: [logger.js:246:9] skin::list 호출됨.
2025-08-27 21:33:54.363 - DEBUG: [logger.js:246:9] GET /skin/list requested
2025-08-27 21:33:54.364 - DEBUG: [logger.js:246:9] PARAMS -> {}
2025-08-27 21:33:54.366 - DEBUG: [logger.js:246:9] SQL -> select count(*) as total from skincare.skin_care_info
2025-08-27 21:33:54.369 - DEBUG: [logger.js:246:9] SQL -> 
            select id, skin_type, features, care_tips, morning_routine, evening_routine, seasonal_routine, recommended_products, key_ingredients,
                purchase_link, created_at, updated_at
            from skincare.skin_care_info
        
2025-08-27 21:34:05.656 - DEBUG: [logger.js:246:9] skin::list 호출됨.
2025-08-27 21:34:05.656 - DEBUG: [logger.js:246:9] GET /skin/list requested
2025-08-27 21:34:05.657 - DEBUG: [logger.js:246:9] PARAMS -> {}
2025-08-27 21:34:05.658 - DEBUG: [logger.js:246:9] SQL -> select count(*) as total from skincare.skin_care_info
2025-08-27 21:34:05.659 - DEBUG: [logger.js:246:9] SQL -> 
            select id, skin_type, features, care_tips, morning_routine, evening_routine, seasonal_routine, recommended_products, key_ingredients,
                purchase_link, created_at, updated_at
            from skincare.skin_care_info
        
2025-08-27 21:34:07.544 - DEBUG: [logger.js:246:9] skin::list 호출됨.
2025-08-27 21:34:07.545 - DEBUG: [logger.js:246:9] GET /skin/list requested
2025-08-27 21:34:07.545 - DEBUG: [logger.js:246:9] PARAMS -> {}
2025-08-27 21:34:07.546 - DEBUG: [logger.js:246:9] SQL -> select count(*) as total from skincare.skin_care_info
2025-08-27 21:34:07.548 - DEBUG: [logger.js:246:9] SQL -> 
            select id, skin_type, features, care_tips, morning_routine, evening_routine, seasonal_routine, recommended_products, key_ingredients,
                purchase_link, created_at, updated_at
            from skincare.skin_care_info
        
2025-08-27 21:34:09.935 - DEBUG: [logger.js:246:9] skin::list 호출됨.
2025-08-27 21:34:09.936 - DEBUG: [logger.js:246:9] GET /skin/list requested
2025-08-27 21:34:09.936 - DEBUG: [logger.js:246:9] PARAMS -> {}
2025-08-27 21:34:09.937 - DEBUG: [logger.js:246:9] SQL -> select count(*) as total from skincare.skin_care_info
2025-08-27 21:34:09.938 - DEBUG: [logger.js:246:9] SQL -> 
            select id, skin_type, features, care_tips, morning_routine, evening_routine, seasonal_routine, recommended_products, key_ingredients,
                purchase_link, created_at, updated_at
            from skincare.skin_care_info
        
2025-08-27 21:34:10.892 - DEBUG: [logger.js:246:9] skin::list 호출됨.
2025-08-27 21:34:10.893 - DEBUG: [logger.js:246:9] GET /skin/list requested
2025-08-27 21:34:10.893 - DEBUG: [logger.js:246:9] PARAMS -> {}
2025-08-27 21:34:10.895 - DEBUG: [logger.js:246:9] SQL -> select count(*) as total from skincare.skin_care_info
2025-08-27 21:34:10.897 - DEBUG: [logger.js:246:9] SQL -> 
            select id, skin_type, features, care_tips, morning_routine, evening_routine, seasonal_routine, recommended_products, key_ingredients,
                purchase_link, created_at, updated_at
            from skincare.skin_care_info
        
2025-08-27 21:34:12.243 - DEBUG: [logger.js:246:9] skin::list 호출됨.
2025-08-27 21:34:12.244 - DEBUG: [logger.js:246:9] GET /skin/list requested
2025-08-27 21:34:12.244 - DEBUG: [logger.js:246:9] PARAMS -> {}
2025-08-27 21:34:12.246 - DEBUG: [logger.js:246:9] SQL -> select count(*) as total from skincare.skin_care_info
2025-08-27 21:34:12.247 - DEBUG: [logger.js:246:9] SQL -> 
            select id, skin_type, features, care_tips, morning_routine, evening_routine, seasonal_routine, recommended_products, key_ingredients,
                purchase_link, created_at, updated_at
            from skincare.skin_care_info
        
2025-08-27 21:34:12.984 - DEBUG: [logger.js:246:9] skin::list 호출됨.
2025-08-27 21:34:12.985 - DEBUG: [logger.js:246:9] GET /skin/list requested
2025-08-27 21:34:12.985 - DEBUG: [logger.js:246:9] PARAMS -> {}
2025-08-27 21:34:12.987 - DEBUG: [logger.js:246:9] SQL -> select count(*) as total from skincare.skin_care_info
2025-08-27 21:34:12.988 - DEBUG: [logger.js:246:9] SQL -> 
            select id, skin_type, features, care_tips, morning_routine, evening_routine, seasonal_routine, recommended_products, key_ingredients,
                purchase_link, created_at, updated_at
            from skincare.skin_care_info
        
2025-08-27 21:40:19.398 - DEBUG: [logger.js:246:9] skin::list 호출됨.
2025-08-27 21:40:19.399 - DEBUG: [logger.js:246:9] GET /skin/list requested
2025-08-27 21:40:19.400 - DEBUG: [logger.js:246:9] PARAMS -> {}
2025-08-27 21:40:19.404 - DEBUG: [logger.js:246:9] SQL -> select count(*) as total from skincare.skin_care_info
2025-08-27 21:40:19.407 - DEBUG: [logger.js:246:9] SQL -> 
            select id, skin_type, features, care_tips, morning_routine, evening_routine, seasonal_routine, recommended_products, key_ingredients,
                purchase_link, created_at, updated_at
            from skincare.skin_care_info
        
2025-08-27 21:40:20.939 - DEBUG: [logger.js:246:9] skin::list 호출됨.
2025-08-27 21:40:20.940 - DEBUG: [logger.js:246:9] GET /skin/list requested
2025-08-27 21:40:20.940 - DEBUG: [logger.js:246:9] PARAMS -> {}
2025-08-27 21:40:20.942 - DEBUG: [logger.js:246:9] SQL -> select count(*) as total from skincare.skin_care_info
2025-08-27 21:40:20.944 - DEBUG: [logger.js:246:9] SQL -> 
            select id, skin_type, features, care_tips, morning_routine, evening_routine, seasonal_routine, recommended_products, key_ingredients,
                purchase_link, created_at, updated_at
            from skincare.skin_care_info
        
2025-08-27 21:41:23.998 - INFO: [logger.js:246:9] service loader called.
2025-08-27 21:41:24.011 - INFO: [logger.js:246:9] controller loader called.
2025-08-27 21:41:24.012 - DEBUG: [logger.js:246:9] external_loader called.
2025-08-27 21:41:24.012 - DEBUG: [logger.js:246:9] No external configuration.
2025-08-27 21:41:24.204 - INFO: [logger.js:246:9] Http Server started.
2025-08-27 21:41:24.204 - INFO: [logger.js:246:9] Base URL -> http://localhost:8001
2025-08-27 21:41:24.205 - INFO: [logger.js:246:9] Namespace -> ::_8001_20448
2025-08-27 21:41:24.207 - DEBUG: [logger.js:246:9] database SQL file loaded.
2025-08-27 21:41:28.056 - DEBUG: [logger.js:246:9] skin::list 호출됨.
2025-08-27 21:41:28.057 - DEBUG: [logger.js:246:9] GET /skin/list requested
2025-08-27 21:41:28.058 - DEBUG: [logger.js:246:9] PARAMS -> {}
2025-08-27 21:41:28.080 - DEBUG: [logger.js:246:9] SQL -> select count(*) as total from skincare.skin_care_info
2025-08-27 21:41:28.083 - DEBUG: [logger.js:246:9] SQL -> 
            select id, skin_type, features, care_tips, morning_routine, evening_routine, seasonal_routine, recommended_products, key_ingredients,
                purchase_link, created_at, updated_at
            from skincare.skin_care_info
        
2025-08-27 21:41:29.340 - DEBUG: [logger.js:246:9] skin::list 호출됨.
2025-08-27 21:41:29.340 - DEBUG: [logger.js:246:9] GET /skin/list requested
2025-08-27 21:41:29.341 - DEBUG: [logger.js:246:9] PARAMS -> {}
2025-08-27 21:41:29.342 - DEBUG: [logger.js:246:9] SQL -> select count(*) as total from skincare.skin_care_info
2025-08-27 21:41:29.345 - DEBUG: [logger.js:246:9] SQL -> 
            select id, skin_type, features, care_tips, morning_routine, evening_routine, seasonal_routine, recommended_products, key_ingredients,
                purchase_link, created_at, updated_at
            from skincare.skin_care_info
        
2025-08-27 21:41:31.423 - DEBUG: [logger.js:246:9] skin::quality_tips 호출됨.
2025-08-27 21:41:31.424 - DEBUG: [logger.js:246:9] POST /skin/quality_tips requested
2025-08-27 21:41:31.424 - DEBUG: [logger.js:246:9] PARAMS -> {}
2025-08-27 21:41:31.426 - DEBUG: [logger.js:246:9] SQL -> 
            select id, skin_type, features, care_tips, key_ingredients,  purchase_link
            from skincare.skin_care_info
        
2025-08-27 21:42:40.767 - DEBUG: [logger.js:246:9] skin::quality_tips 호출됨.
2025-08-27 21:42:40.774 - DEBUG: [logger.js:246:9] POST /skin/quality_tips requested
2025-08-27 21:42:40.775 - DEBUG: [logger.js:246:9] PARAMS -> {}
2025-08-27 21:42:40.779 - DEBUG: [logger.js:246:9] SQL -> 
            select id, skin_type, features, care_tips, key_ingredients,  purchase_link
            from skincare.skin_care_info
        
2025-08-27 21:42:45.483 - DEBUG: [logger.js:246:9] skin::list 호출됨.
2025-08-27 21:42:45.484 - DEBUG: [logger.js:246:9] GET /skin/list requested
2025-08-27 21:42:45.484 - DEBUG: [logger.js:246:9] PARAMS -> {}
2025-08-27 21:42:45.486 - DEBUG: [logger.js:246:9] SQL -> select count(*) as total from skincare.skin_care_info
2025-08-27 21:42:45.489 - DEBUG: [logger.js:246:9] SQL -> 
            select id, skin_type, features, care_tips, morning_routine, evening_routine, seasonal_routine, recommended_products, key_ingredients,
                purchase_link, created_at, updated_at
            from skincare.skin_care_info
        
2025-08-27 21:42:46.536 - DEBUG: [logger.js:246:9] skin::list 호출됨.
2025-08-27 21:42:46.538 - DEBUG: [logger.js:246:9] GET /skin/list requested
2025-08-27 21:42:46.538 - DEBUG: [logger.js:246:9] PARAMS -> {}
2025-08-27 21:42:46.541 - DEBUG: [logger.js:246:9] SQL -> select count(*) as total from skincare.skin_care_info
2025-08-27 21:42:46.543 - DEBUG: [logger.js:246:9] SQL -> 
            select id, skin_type, features, care_tips, morning_routine, evening_routine, seasonal_routine, recommended_products, key_ingredients,
                purchase_link, created_at, updated_at
            from skincare.skin_care_info
        
2025-08-27 21:42:47.850 - DEBUG: [logger.js:246:9] skin::quality_tips 호출됨.
2025-08-27 21:42:47.851 - DEBUG: [logger.js:246:9] POST /skin/quality_tips requested
2025-08-27 21:42:47.851 - DEBUG: [logger.js:246:9] PARAMS -> {}
2025-08-27 21:42:47.853 - DEBUG: [logger.js:246:9] SQL -> 
            select id, skin_type, features, care_tips, key_ingredients,  purchase_link
            from skincare.skin_care_info
        
2025-08-27 21:51:26.651 - DEBUG: [logger.js:246:9] skin::quality_tips 호출됨.
2025-08-27 21:51:26.651 - DEBUG: [logger.js:246:9] POST /skin/quality_tips requested
2025-08-27 21:51:26.651 - DEBUG: [logger.js:246:9] PARAMS -> {"id":1}
2025-08-27 21:51:26.653 - DEBUG: [logger.js:246:9] SQL -> 
            select id, skin_type, features, care_tips, key_ingredients,  purchase_link
            from skincare.skin_care_info
        
2025-08-27 21:51:53.241 - INFO: [logger.js:246:9] service loader called.
2025-08-27 21:51:53.254 - INFO: [logger.js:246:9] controller loader called.
2025-08-27 21:51:53.254 - DEBUG: [logger.js:246:9] external_loader called.
2025-08-27 21:51:53.255 - DEBUG: [logger.js:246:9] No external configuration.
2025-08-27 21:51:53.430 - INFO: [logger.js:246:9] Http Server started.
2025-08-27 21:51:53.431 - INFO: [logger.js:246:9] Base URL -> http://localhost:8001
2025-08-27 21:51:53.431 - INFO: [logger.js:246:9] Namespace -> ::_8001_10332
2025-08-27 21:51:53.434 - DEBUG: [logger.js:246:9] database SQL file loaded.
2025-08-27 21:51:59.286 - DEBUG: [logger.js:246:9] skin::list 호출됨.
2025-08-27 21:51:59.288 - DEBUG: [logger.js:246:9] GET /skin/list requested
2025-08-27 21:51:59.288 - DEBUG: [logger.js:246:9] PARAMS -> {}
2025-08-27 21:51:59.313 - DEBUG: [logger.js:246:9] SQL -> select count(*) as total from skincare.skin_care_info
2025-08-27 21:51:59.315 - DEBUG: [logger.js:246:9] SQL -> 
            select id, skin_type, features, care_tips, morning_routine, evening_routine, seasonal_routine, recommended_products, key_ingredients,
                purchase_link, created_at, updated_at
            from skincare.skin_care_info
        
2025-08-27 21:52:00.694 - DEBUG: [logger.js:246:9] skin::list 호출됨.
2025-08-27 21:52:00.695 - DEBUG: [logger.js:246:9] GET /skin/list requested
2025-08-27 21:52:00.695 - DEBUG: [logger.js:246:9] PARAMS -> {}
2025-08-27 21:52:00.698 - DEBUG: [logger.js:246:9] SQL -> select count(*) as total from skincare.skin_care_info
2025-08-27 21:52:00.718 - DEBUG: [logger.js:246:9] SQL -> 
            select id, skin_type, features, care_tips, morning_routine, evening_routine, seasonal_routine, recommended_products, key_ingredients,
                purchase_link, created_at, updated_at
            from skincare.skin_care_info
        
2025-08-27 21:57:07.284 - INFO: [logger.js:246:9] service loader called.
2025-08-27 21:57:07.296 - INFO: [logger.js:246:9] controller loader called.
2025-08-27 21:57:07.296 - DEBUG: [logger.js:246:9] external_loader called.
2025-08-27 21:57:07.297 - DEBUG: [logger.js:246:9] No external configuration.
2025-08-27 21:57:07.484 - INFO: [logger.js:246:9] Http Server started.
2025-08-27 21:57:07.485 - INFO: [logger.js:246:9] Base URL -> http://localhost:8001
2025-08-27 21:57:07.485 - INFO: [logger.js:246:9] Namespace -> ::_8001_5888
2025-08-27 21:57:07.487 - DEBUG: [logger.js:246:9] database SQL file loaded.
2025-08-27 21:57:20.600 - DEBUG: [logger.js:246:9] skin::list 호출됨.
2025-08-27 21:57:20.601 - DEBUG: [logger.js:246:9] GET /skin/list requested
2025-08-27 21:57:20.602 - DEBUG: [logger.js:246:9] PARAMS -> {}
2025-08-27 21:57:20.633 - DEBUG: [logger.js:246:9] SQL -> select count(*) as total from skincare.skin_care_info
2025-08-27 21:57:20.637 - DEBUG: [logger.js:246:9] SQL -> 
            select id, skin_type, features, care_tips, morning_routine, evening_routine, seasonal_routine, recommended_products, key_ingredients,
                purchase_link, created_at, updated_at
            from skincare.skin_care_info
        
2025-08-27 21:57:22.191 - DEBUG: [logger.js:246:9] skin::list 호출됨.
2025-08-27 21:57:22.191 - DEBUG: [logger.js:246:9] GET /skin/list requested
2025-08-27 21:57:22.192 - DEBUG: [logger.js:246:9] PARAMS -> {}
2025-08-27 21:57:22.194 - DEBUG: [logger.js:246:9] SQL -> select count(*) as total from skincare.skin_care_info
2025-08-27 21:57:22.195 - DEBUG: [logger.js:246:9] SQL -> 
            select id, skin_type, features, care_tips, morning_routine, evening_routine, seasonal_routine, recommended_products, key_ingredients,
                purchase_link, created_at, updated_at
            from skincare.skin_care_info
        
2025-08-27 21:58:48.582 - DEBUG: [logger.js:246:9] skin::list 호출됨.
2025-08-27 21:58:48.582 - DEBUG: [logger.js:246:9] GET /skin/list requested
2025-08-27 21:58:48.583 - DEBUG: [logger.js:246:9] PARAMS -> {}
2025-08-27 21:58:48.585 - DEBUG: [logger.js:246:9] SQL -> select count(*) as total from skincare.skin_care_info
2025-08-27 21:58:48.587 - DEBUG: [logger.js:246:9] SQL -> 
            select id, skin_type, features, care_tips, morning_routine, evening_routine, seasonal_routine, recommended_products, key_ingredients,
                purchase_link, created_at, updated_at
            from skincare.skin_care_info
        
2025-08-27 21:58:49.407 - DEBUG: [logger.js:246:9] skin::list 호출됨.
2025-08-27 21:58:49.408 - DEBUG: [logger.js:246:9] GET /skin/list requested
2025-08-27 21:58:49.408 - DEBUG: [logger.js:246:9] PARAMS -> {}
2025-08-27 21:58:49.410 - DEBUG: [logger.js:246:9] SQL -> select count(*) as total from skincare.skin_care_info
2025-08-27 21:58:49.416 - DEBUG: [logger.js:246:9] SQL -> 
            select id, skin_type, features, care_tips, morning_routine, evening_routine, seasonal_routine, recommended_products, key_ingredients,
                purchase_link, created_at, updated_at
            from skincare.skin_care_info
        
2025-08-27 22:01:10.055 - DEBUG: [logger.js:246:9] skin::list 호출됨.
2025-08-27 22:01:10.055 - DEBUG: [logger.js:246:9] GET /skin/list requested
2025-08-27 22:01:10.056 - DEBUG: [logger.js:246:9] PARAMS -> {}
2025-08-27 22:01:10.058 - DEBUG: [logger.js:246:9] SQL -> select count(*) as total from skincare.skin_care_info
2025-08-27 22:01:10.059 - DEBUG: [logger.js:246:9] SQL -> 
            select id, skin_type, features, care_tips, morning_routine, evening_routine, seasonal_routine, recommended_products, key_ingredients,
                purchase_link, created_at, updated_at
            from skincare.skin_care_info
        
2025-08-27 22:01:11.046 - DEBUG: [logger.js:246:9] skin::list 호출됨.
2025-08-27 22:01:11.046 - DEBUG: [logger.js:246:9] GET /skin/list requested
2025-08-27 22:01:11.047 - DEBUG: [logger.js:246:9] PARAMS -> {}
2025-08-27 22:01:11.048 - DEBUG: [logger.js:246:9] SQL -> select count(*) as total from skincare.skin_care_info
2025-08-27 22:01:11.049 - DEBUG: [logger.js:246:9] SQL -> 
            select id, skin_type, features, care_tips, morning_routine, evening_routine, seasonal_routine, recommended_products, key_ingredients,
                purchase_link, created_at, updated_at
            from skincare.skin_care_info
        
2025-08-27 22:01:56.364 - INFO: [logger.js:246:9] service loader called.
2025-08-27 22:01:56.377 - INFO: [logger.js:246:9] controller loader called.
2025-08-27 22:01:56.378 - DEBUG: [logger.js:246:9] external_loader called.
2025-08-27 22:01:56.378 - DEBUG: [logger.js:246:9] No external configuration.
2025-08-27 22:01:56.562 - INFO: [logger.js:246:9] Http Server started.
2025-08-27 22:01:56.563 - INFO: [logger.js:246:9] Base URL -> http://localhost:8001
2025-08-27 22:01:56.563 - INFO: [logger.js:246:9] Namespace -> ::_8001_17800
2025-08-27 22:01:56.565 - DEBUG: [logger.js:246:9] database SQL file loaded.
2025-08-27 22:01:59.053 - DEBUG: [logger.js:246:9] skin::list 호출됨.
2025-08-27 22:01:59.088 - DEBUG: [logger.js:246:9] GET /skin/list requested
2025-08-27 22:01:59.096 - DEBUG: [logger.js:246:9] PARAMS -> {}
2025-08-27 22:01:59.132 - DEBUG: [logger.js:246:9] SQL -> select count(*) as total from skincare.skin_care_info
2025-08-27 22:01:59.135 - DEBUG: [logger.js:246:9] SQL -> 
            select id, skin_type, features, care_tips, morning_routine, evening_routine, seasonal_routine, recommended_products, key_ingredients,
                purchase_link, created_at, updated_at
            from skincare.skin_care_info
        
2025-08-27 22:02:00.458 - DEBUG: [logger.js:246:9] skin::list 호출됨.
2025-08-27 22:02:00.459 - DEBUG: [logger.js:246:9] GET /skin/list requested
2025-08-27 22:02:00.459 - DEBUG: [logger.js:246:9] PARAMS -> {}
2025-08-27 22:02:00.461 - DEBUG: [logger.js:246:9] SQL -> select count(*) as total from skincare.skin_care_info
2025-08-27 22:02:00.463 - DEBUG: [logger.js:246:9] SQL -> 
            select id, skin_type, features, care_tips, morning_routine, evening_routine, seasonal_routine, recommended_products, key_ingredients,
                purchase_link, created_at, updated_at
            from skincare.skin_care_info
        
2025-08-27 22:03:00.113 - INFO: [logger.js:246:9] service loader called.
2025-08-27 22:03:00.126 - INFO: [logger.js:246:9] controller loader called.
2025-08-27 22:03:00.126 - DEBUG: [logger.js:246:9] external_loader called.
2025-08-27 22:03:00.126 - DEBUG: [logger.js:246:9] No external configuration.
2025-08-27 22:03:00.308 - INFO: [logger.js:246:9] Http Server started.
2025-08-27 22:03:00.309 - INFO: [logger.js:246:9] Base URL -> http://localhost:8001
2025-08-27 22:03:00.310 - INFO: [logger.js:246:9] Namespace -> ::_8001_7772
2025-08-27 22:03:00.312 - DEBUG: [logger.js:246:9] database SQL file loaded.
2025-08-27 22:03:08.958 - DEBUG: [logger.js:246:9] skin::list 호출됨.
2025-08-27 22:03:08.959 - DEBUG: [logger.js:246:9] GET /skin/list requested
2025-08-27 22:03:08.960 - DEBUG: [logger.js:246:9] PARAMS -> {}
2025-08-27 22:03:08.998 - DEBUG: [logger.js:246:9] SQL -> select count(*) as total from skincare.skin_care_info
2025-08-27 22:03:09.000 - DEBUG: [logger.js:246:9] SQL -> 
            select id, skin_type, features, care_tips, morning_routine, evening_routine, seasonal_routine, recommended_products, key_ingredients,
                purchase_link, created_at, updated_at
            from skincare.skin_care_info
        
2025-08-27 22:03:10.650 - DEBUG: [logger.js:246:9] skin::list 호출됨.
2025-08-27 22:03:10.651 - DEBUG: [logger.js:246:9] GET /skin/list requested
2025-08-27 22:03:10.653 - DEBUG: [logger.js:246:9] PARAMS -> {}
2025-08-27 22:03:10.655 - DEBUG: [logger.js:246:9] SQL -> select count(*) as total from skincare.skin_care_info
2025-08-27 22:03:10.658 - DEBUG: [logger.js:246:9] SQL -> 
            select id, skin_type, features, care_tips, morning_routine, evening_routine, seasonal_routine, recommended_products, key_ingredients,
                purchase_link, created_at, updated_at
            from skincare.skin_care_info
        
2025-08-27 22:05:23.135 - DEBUG: [logger.js:246:9] skin::list 호출됨.
2025-08-27 22:05:23.136 - DEBUG: [logger.js:246:9] GET /skin/list requested
2025-08-27 22:05:23.137 - DEBUG: [logger.js:246:9] PARAMS -> {}
2025-08-27 22:05:23.140 - DEBUG: [logger.js:246:9] SQL -> select count(*) as total from skincare.skin_care_info
2025-08-27 22:05:23.143 - DEBUG: [logger.js:246:9] SQL -> 
            select id, skin_type, features, care_tips, morning_routine, evening_routine, seasonal_routine, recommended_products, key_ingredients,
                purchase_link, created_at, updated_at
            from skincare.skin_care_info
        
2025-08-27 22:05:26.261 - DEBUG: [logger.js:246:9] skin::list 호출됨.
2025-08-27 22:05:26.261 - DEBUG: [logger.js:246:9] GET /skin/list requested
2025-08-27 22:05:26.262 - DEBUG: [logger.js:246:9] PARAMS -> {}
2025-08-27 22:05:26.264 - DEBUG: [logger.js:246:9] SQL -> select count(*) as total from skincare.skin_care_info
2025-08-27 22:05:26.266 - DEBUG: [logger.js:246:9] SQL -> 
            select id, skin_type, features, care_tips, morning_routine, evening_routine, seasonal_routine, recommended_products, key_ingredients,
                purchase_link, created_at, updated_at
            from skincare.skin_care_info
        
2025-08-27 22:07:02.007 - INFO: [logger.js:246:9] service loader called.
2025-08-27 22:07:02.023 - INFO: [logger.js:246:9] controller loader called.
2025-08-27 22:07:02.023 - DEBUG: [logger.js:246:9] external_loader called.
2025-08-27 22:07:02.024 - DEBUG: [logger.js:246:9] No external configuration.
2025-08-27 22:07:02.240 - INFO: [logger.js:246:9] Http Server started.
2025-08-27 22:07:02.241 - INFO: [logger.js:246:9] Base URL -> http://localhost:8001
2025-08-27 22:07:02.241 - INFO: [logger.js:246:9] Namespace -> ::_8001_7856
2025-08-27 22:07:02.244 - DEBUG: [logger.js:246:9] database SQL file loaded.
2025-08-27 22:07:10.836 - DEBUG: [logger.js:246:9] skin::list 호출됨.
2025-08-27 22:07:10.837 - DEBUG: [logger.js:246:9] GET /skin/list requested
2025-08-27 22:07:10.838 - DEBUG: [logger.js:246:9] PARAMS -> {}
2025-08-27 22:07:10.862 - DEBUG: [logger.js:246:9] SQL -> select count(*) as total from skincare.skin_care_info
2025-08-27 22:07:10.863 - DEBUG: [logger.js:246:9] SQL -> 
            select id, skin_type, features, care_tips, morning_routine, evening_routine, seasonal_routine, recommended_products, key_ingredients,
                purchase_link, created_at, updated_at
            from skincare.skin_care_info
        
2025-08-27 22:07:11.636 - DEBUG: [logger.js:246:9] skin::list 호출됨.
2025-08-27 22:07:11.636 - DEBUG: [logger.js:246:9] GET /skin/list requested
2025-08-27 22:07:11.637 - DEBUG: [logger.js:246:9] PARAMS -> {}
2025-08-27 22:07:11.638 - DEBUG: [logger.js:246:9] SQL -> select count(*) as total from skincare.skin_care_info
2025-08-27 22:07:11.640 - DEBUG: [logger.js:246:9] SQL -> 
            select id, skin_type, features, care_tips, morning_routine, evening_routine, seasonal_routine, recommended_products, key_ingredients,
                purchase_link, created_at, updated_at
            from skincare.skin_care_info
        
2025-08-27 22:07:13.546 - DEBUG: [logger.js:246:9] skin::quality_tips 호출됨.
2025-08-27 22:07:13.547 - DEBUG: [logger.js:246:9] POST /skin/quality_tips/2 requested
2025-08-27 22:07:13.547 - DEBUG: [logger.js:246:9] PARAMS -> {"id":"2"}
2025-08-27 22:07:13.550 - DEBUG: [logger.js:246:9] SQL -> 
            select id, skin_type, features, care_tips, key_ingredients, purchase_link
            from skincare.skin_care_info
            where id = '2'
        
